12:10:26.204 INFO - Selenium build info: version: '3.8.1', revision: '6e95a6684b'
12:10:26.205 INFO - Launching a standalone Selenium Server
2018-02-24 12:10:26.290:INFO::main: Logging initialized @334ms to org.seleniumhq.jetty9.util.log.StdErrLog
12:10:26.328 INFO - Using `new FirefoxOptions()` is preferred to `DesiredCapabilities.firefox()`
12:10:26.344 INFO - Using `new ChromeOptions()` is preferred to `DesiredCapabilities.chrome()`
12:10:26.347 INFO - Using `new EdgeOptions()` is preferred to `DesiredCapabilities.edge()`
12:10:26.348 INFO - Driver class not found: com.opera.core.systems.OperaDriver
12:10:26.348 INFO - Using `new OperaOptions()` is preferred to `DesiredCapabilities.operaBlink()`
12:10:26.349 INFO - Using `new SafariOptions()` is preferred to `DesiredCapabilities.safari()`
12:10:26.350 INFO - Driver class not found: org.openqa.selenium.phantomjs.PhantomJSDriver
12:10:26.397 INFO - Driver provider class org.openqa.selenium.ie.InternetExplorerDriver registration is skipped:
 registration capabilities Capabilities {browserName: internet explorer, ensureCleanSession: true, platform: WINDOWS, version: } does not match the current platform MAC
12:10:26.398 INFO - Driver provider class org.openqa.selenium.edge.EdgeDriver registration is skipped:
 registration capabilities Capabilities {browserName: MicrosoftEdge, platform: WINDOWS, version: } does not match the current platform MAC
12:10:26.438 INFO - Using `new ChromeOptions()` is preferred to `DesiredCapabilities.chrome()`
12:10:26.438 INFO - Using `new EdgeOptions()` is preferred to `DesiredCapabilities.edge()`
12:10:26.439 INFO - Using `new FirefoxOptions()` is preferred to `DesiredCapabilities.firefox()`
12:10:26.439 INFO - Using `new OperaOptions()` is preferred to `DesiredCapabilities.operaBlink()`
12:10:26.439 INFO - Using `new SafariOptions()` is preferred to `DesiredCapabilities.safari()`
12:10:26.448 INFO - Using the passthrough mode handler
2018-02-24 12:10:26.474:INFO:osjs.Server:main: jetty-9.4.7.v20170914
2018-02-24 12:10:26.499:WARN:osjs.SecurityHandler:main: ServletContext@o.s.j.s.ServletContextHandler@23fe1d71{/,null,STARTING} has uncovered http methods for path: /
2018-02-24 12:10:26.503:INFO:osjsh.ContextHandler:main: Started o.s.j.s.ServletContextHandler@23fe1d71{/,null,AVAILABLE}
2018-02-24 12:10:26.531:INFO:osjs.AbstractConnector:main: Started ServerConnector@704921a5{HTTP/1.1,[http/1.1]}{0.0.0.0:4444}
2018-02-24 12:10:26.531:INFO:osjs.Server:main: Started @576ms
12:10:26.531 INFO - Selenium Server is up and running
2018-02-24 12:10:27.512:INFO:osjshC.ROOT:qtp1514322932-17: org.openqa.selenium.remote.server.WebDriverServlet-6acdbdf5: Initialising WebDriverServlet
12:10:27.570 INFO - Found handler: org.openqa.selenium.remote.server.commandhandler.BeginSession@52174110
12:10:27.570 INFO - Found handler: org.openqa.selenium.remote.server.commandhandler.BeginSession@6c3dda53
12:10:27.571 INFO - Found handler: org.openqa.selenium.remote.server.commandhandler.BeginSession@4829fabe
12:10:27.571 INFO - Found handler: org.openqa.selenium.remote.server.commandhandler.BeginSession@6864dfe4
12:10:27.571 INFO - Found handler: org.openqa.selenium.remote.server.commandhandler.BeginSession@1fc1debe
12:10:27.571 INFO - Found handler: org.openqa.selenium.remote.server.commandhandler.BeginSession@78b1e32b
12:10:27.577 INFO - /session: Executing POST on /session (handler: BeginSession)
12:10:27.577 INFO - /session: Executing POST on /session (handler: BeginSession)
12:10:27.577 INFO - /session: Executing POST on /session (handler: BeginSession)
12:10:27.577 INFO - /session: Executing POST on /session (handler: BeginSession)
12:10:27.577 INFO - /session: Executing POST on /session (handler: BeginSession)
12:10:27.577 INFO - /session: Executing POST on /session (handler: BeginSession)
12:10:27.683 INFO - Capabilities are: Capabilities {acceptSslCerts: true, browserName: firefox, javascriptEnabled: true, marionette: true, name: Shadow DOM / Click Drop Down, tags: nightwatch-skeleton}
12:10:27.683 INFO - Capabilities are: Capabilities {acceptSslCerts: true, browserName: firefox, javascriptEnabled: true, marionette: true, name: Applitools / Google Search, tags: nightwatch-skeleton}
12:10:27.683 INFO - Capabilities are: Capabilities {acceptSslCerts: true, browserName: firefox, javascriptEnabled: true, marionette: true, name: Test Skeleton / Template, tags: nightwatch-skeleton}
12:10:27.683 INFO - Capabilities are: Capabilities {acceptSslCerts: true, browserName: firefox, javascriptEnabled: true, marionette: true, name: Mobile Web / Amp Newsletter..., tags: nightwatch-skeleton}
12:10:27.683 INFO - Capabilities are: Capabilities {acceptSslCerts: true, browserName: firefox, javascriptEnabled: true, marionette: true, name: Mobile Web / Amp Ads Every4..., tags: nightwatch-skeleton}
12:10:27.683 INFO - Capabilities are: Capabilities {acceptSslCerts: true, browserName: firefox, javascriptEnabled: true, marionette: true, name: Desktop / Facebook Link, tags: nightwatch-skeleton}
12:10:27.688 INFO - Capabilities {acceptSslCerts: true, browserName: firefox, javascriptEnabled: true, marionette: true, name: Applitools / Google Search, tags: nightwatch-skeleton} matched class org.openqa.selenium.remote.server.ServicedSession$Factory (provider: org.openqa.selenium.firefox.GeckoDriverService)
12:10:27.688 INFO - Capabilities {acceptSslCerts: true, browserName: firefox, javascriptEnabled: true, marionette: true, name: Mobile Web / Amp Newsletter..., tags: nightwatch-skeleton} matched class org.openqa.selenium.remote.server.ServicedSession$Factory (provider: org.openqa.selenium.firefox.GeckoDriverService)
12:10:27.688 INFO - Capabilities {acceptSslCerts: true, browserName: firefox, javascriptEnabled: true, marionette: true, name: Shadow DOM / Click Drop Down, tags: nightwatch-skeleton} matched class org.openqa.selenium.remote.server.ServicedSession$Factory (provider: org.openqa.selenium.firefox.GeckoDriverService)
12:10:27.688 INFO - Capabilities {acceptSslCerts: true, browserName: firefox, javascriptEnabled: true, marionette: true, name: Test Skeleton / Template, tags: nightwatch-skeleton} matched class org.openqa.selenium.remote.server.ServicedSession$Factory (provider: org.openqa.selenium.firefox.GeckoDriverService)
12:10:27.688 INFO - Capabilities {acceptSslCerts: true, browserName: firefox, javascriptEnabled: true, marionette: true, name: Desktop / Facebook Link, tags: nightwatch-skeleton} matched class org.openqa.selenium.remote.server.ServicedSession$Factory (provider: org.openqa.selenium.firefox.GeckoDriverService)
12:10:27.688 INFO - Capabilities {acceptSslCerts: true, browserName: firefox, javascriptEnabled: true, marionette: true, name: Mobile Web / Amp Ads Every4..., tags: nightwatch-skeleton} matched class org.openqa.selenium.remote.server.ServicedSession$Factory (provider: org.openqa.selenium.firefox.GeckoDriverService)
1519492227890	geckodriver	INFO	geckodriver 0.19.1
1519492227898	geckodriver	INFO	Listening on 127.0.0.1:16158
1519492227902	geckodriver	INFO	geckodriver 0.19.1
1519492227903	geckodriver	INFO	geckodriver 0.19.1
1519492227906	geckodriver	INFO	geckodriver 0.19.1
1519492227909	geckodriver	INFO	Listening on 127.0.0.1:6795
1519492227910	geckodriver	INFO	Listening on 127.0.0.1:40729
1519492227914	geckodriver	INFO	Listening on 127.0.0.1:23986
1519492227917	geckodriver	INFO	geckodriver 0.19.1
1519492227920	geckodriver	INFO	geckodriver 0.19.1
1519492227923	geckodriver	INFO	Listening on 127.0.0.1:10693
1519492227926	geckodriver	INFO	Listening on 127.0.0.1:1822
1519492228590	mozrunner::runner	INFO	Running command: "/Applications/Firefox.app/Contents/MacOS/firefox-bin" "-marionette" "-profile" "/var/folders/0_/n6wc7vb14sx1308hy2n8hlsm1_mvjh/T/rust_mozprofile.J2Xp8C3rn3e9"
1519492228596	mozrunner::runner	INFO	Running command: "/Applications/Firefox.app/Contents/MacOS/firefox-bin" "-marionette" "-profile" "/var/folders/0_/n6wc7vb14sx1308hy2n8hlsm1_mvjh/T/rust_mozprofile.As3h3zPfxqOl"
1519492228620	mozrunner::runner	INFO	Running command: "/Applications/Firefox.app/Contents/MacOS/firefox-bin" "-marionette" "-profile" "/var/folders/0_/n6wc7vb14sx1308hy2n8hlsm1_mvjh/T/rust_mozprofile.uepLJZzeXHXs"
1519492228623	mozrunner::runner	INFO	Running command: "/Applications/Firefox.app/Contents/MacOS/firefox-bin" "-marionette" "-profile" "/var/folders/0_/n6wc7vb14sx1308hy2n8hlsm1_mvjh/T/rust_mozprofile.C5j2QUD0d1cw"
1519492228624	mozrunner::runner	INFO	Running command: "/Applications/Firefox.app/Contents/MacOS/firefox-bin" "-marionette" "-profile" "/var/folders/0_/n6wc7vb14sx1308hy2n8hlsm1_mvjh/T/rust_mozprofile.hbmhLVXxCqR7"
1519492228625	mozrunner::runner	INFO	Running command: "/Applications/Firefox.app/Contents/MacOS/firefox-bin" "-marionette" "-profile" "/var/folders/0_/n6wc7vb14sx1308hy2n8hlsm1_mvjh/T/rust_mozprofile.UgEBaKw4Le8I"
1519492229468	Marionette	INFO	Enabled via --marionette
1519492229483	Marionette	INFO	Enabled via --marionette
1519492229486	Marionette	INFO	Enabled via --marionette
1519492229491	Marionette	INFO	Enabled via --marionette
1519492229492	Marionette	INFO	Enabled via --marionette
1519492229501	Marionette	INFO	Enabled via --marionette
2018-02-24 12:10:31.272 plugin-container[34065:5424737] *** CFMessagePort: bootstrap_register(): failed 1100 (0x44c) 'Permission denied', port = 0xab4b, name = 'com.apple.tsm.portname'
See /usr/include/servers/bootstrap_defs.h for the error codes.
2018-02-24 12:10:31.272 plugin-container[34065:5424737] CFPasteboardRef CFPasteboardCreate(CFAllocatorRef, CFStringRef) : failed to create global data
2018-02-24 12:10:31.273 plugin-container[34065:5424737] CFPasteboardRef CFPasteboardCreate(CFAllocatorRef, CFStringRef) : failed to create global data
2018-02-24 12:10:31.273 plugin-container[34065:5424737] CFPasteboardRef CFPasteboardCreate(CFAllocatorRef, CFStringRef) : failed to create global data
2018-02-24 12:10:31.273 plugin-container[34065:5424737] CFPasteboardRef CFPasteboardCreate(CFAllocatorRef, CFStringRef) : failed to create global data
2018-02-24 12:10:31.275 plugin-container[34065:5424737] CFPasteboardRef CFPasteboardCreate(CFAllocatorRef, CFStringRef) : failed to create global data
2018-02-24 12:10:31.275 plugin-container[34065:5424737] CFPasteboardRef CFPasteboardCreate(CFAllocatorRef, CFStringRef) : failed to create global data
2018-02-24 12:10:31.275 plugin-container[34065:5424737] CFPasteboardRef CFPasteboardCreate(CFAllocatorRef, CFStringRef) : failed to create global data
2018-02-24 12:10:31.276 plugin-container[34065:5424737] CFPasteboardRef CFPasteboardCreate(CFAllocatorRef, CFStringRef) : failed to create global data
2018-02-24 12:10:31.276 plugin-container[34065:5424737] CFPasteboardRef CFPasteboardCreate(CFAllocatorRef, CFStringRef) : failed to create global data
2018-02-24 12:10:31.276 plugin-container[34065:5424737] CFPasteboardRef CFPasteboardCreate(CFAllocatorRef, CFStringRef) : failed to create global data
2018-02-24 12:10:31.277 plugin-container[34065:5424737] CFPasteboardRef CFPasteboardCreate(CFAllocatorRef, CFStringRef) : failed to create global data
2018-02-24 12:10:31.277 plugin-container[34065:5424737] CFPasteboardRef CFPasteboardCreate(CFAllocatorRef, CFStringRef) : failed to create global data
2018-02-24 12:10:31.277 plugin-container[34065:5424737] CFPasteboardRef CFPasteboardCreate(CFAllocatorRef, CFStringRef) : failed to create global data
2018-02-24 12:10:31.277 plugin-container[34065:5424737] CFPasteboardRef CFPasteboardCreate(CFAllocatorRef, CFStringRef) : failed to create global data
2018-02-24 12:10:31.278 plugin-container[34065:5424737] CFPasteboardRef CFPasteboardCreate(CFAllocatorRef, CFStringRef) : failed to create global data
2018-02-24 12:10:31.278 plugin-container[34065:5424737] CFPasteboardRef CFPasteboardCreate(CFAllocatorRef, CFStringRef) : failed to create global data
2018-02-24 12:10:31.278 plugin-container[34065:5424737] CFPasteboardRef CFPasteboardCreate(CFAllocatorRef, CFStringRef) : failed to create global data
2018-02-24 12:10:31.279 plugin-container[34065:5424737] CFPasteboardRef CFPasteboardCreate(CFAllocatorRef, CFStringRef) : failed to create global data
2018-02-24 12:10:31.279 plugin-container[34065:5424737] CFPasteboardRef CFPasteboardCreate(CFAllocatorRef, CFStringRef) : failed to create global data
2018-02-24 12:10:31.282 plugin-container[34065:5424737] CFPasteboardRef CFPasteboardCreate(CFAllocatorRef, CFStringRef) : failed to create global data
2018-02-24 12:10:31.801 plugin-container[34061:5424710] *** CFMessagePort: bootstrap_register(): failed 1100 (0x44c) 'Permission denied', port = 0xb04b, name = 'com.apple.tsm.portname'
See /usr/include/servers/bootstrap_defs.h for the error codes.
2018-02-24 12:10:31.814 plugin-container[34061:5424710] CFPasteboardRef CFPasteboardCreate(CFAllocatorRef, CFStringRef) : failed to create global data
2018-02-24 12:10:31.822 plugin-container[34061:5424710] CFPasteboardRef CFPasteboardCreate(CFAllocatorRef, CFStringRef) : failed to create global data
2018-02-24 12:10:31.842 plugin-container[34061:5424710] CFPasteboardRef CFPasteboardCreate(CFAllocatorRef, CFStringRef) : failed to create global data
2018-02-24 12:10:31.843 plugin-container[34061:5424710] CFPasteboardRef CFPasteboardCreate(CFAllocatorRef, CFStringRef) : failed to create global data
2018-02-24 12:10:31.844 plugin-container[34061:5424710] CFPasteboardRef CFPasteboardCreate(CFAllocatorRef, CFStringRef) : failed to create global data
2018-02-24 12:10:31.844 plugin-container[34061:5424710] CFPasteboardRef CFPasteboardCreate(CFAllocatorRef, CFStringRef) : failed to create global data
2018-02-24 12:10:31.845 plugin-container[34061:5424710] CFPasteboardRef CFPasteboardCreate(CFAllocatorRef, CFStringRef) : failed to create global data
2018-02-24 12:10:31.845 plugin-container[34061:5424710] CFPasteboardRef CFPasteboardCreate(CFAllocatorRef, CFStringRef) : failed to create global data
2018-02-24 12:10:31.845 plugin-container[34061:5424710] CFPasteboardRef CFPasteboardCreate(CFAllocatorRef, CFStringRef) : failed to create global data
2018-02-24 12:10:31.846 plugin-container[34061:5424710] CFPasteboardRef CFPasteboardCreate(CFAllocatorRef, CFStringRef) : failed to create global data
2018-02-24 12:10:31.847 plugin-container[34061:5424710] CFPasteboardRef CFPasteboardCreate(CFAllocatorRef, CFStringRef) : failed to create global data
2018-02-24 12:10:31.848 plugin-container[34061:5424710] CFPasteboardRef CFPasteboardCreate(CFAllocatorRef, CFStringRef) : failed to create global data
2018-02-24 12:10:31.848 plugin-container[34061:5424710] CFPasteboardRef CFPasteboardCreate(CFAllocatorRef, CFStringRef) : failed to create global data
2018-02-24 12:10:31.848 plugin-container[34061:5424710] CFPasteboardRef CFPasteboardCreate(CFAllocatorRef, CFStringRef) : failed to create global data
2018-02-24 12:10:31.850 plugin-container[34061:5424710] CFPasteboardRef CFPasteboardCreate(CFAllocatorRef, CFStringRef) : failed to create global data
2018-02-24 12:10:31.851 plugin-container[34061:5424710] CFPasteboardRef CFPasteboardCreate(CFAllocatorRef, CFStringRef) : failed to create global data
2018-02-24 12:10:31.851 plugin-container[34061:5424710] CFPasteboardRef CFPasteboardCreate(CFAllocatorRef, CFStringRef) : failed to create global data
2018-02-24 12:10:31.851 plugin-container[34061:5424710] CFPasteboardRef CFPasteboardCreate(CFAllocatorRef, CFStringRef) : failed to create global data
2018-02-24 12:10:31.852 plugin-container[34061:5424710] CFPasteboardRef CFPasteboardCreate(CFAllocatorRef, CFStringRef) : failed to create global data
2018-02-24 12:10:31.857 plugin-container[34061:5424710] CFPasteboardRef CFPasteboardCreate(CFAllocatorRef, CFStringRef) : failed to create global data
2018-02-24 12:10:31.891 plugin-container[34062:5424712] *** CFMessagePort: bootstrap_register(): failed 1100 (0x44c) 'Permission denied', port = 0xaf4b, name = 'com.apple.tsm.portname'
See /usr/include/servers/bootstrap_defs.h for the error codes.
2018-02-24 12:10:31.891 plugin-container[34062:5424712] CFPasteboardRef CFPasteboardCreate(CFAllocatorRef, CFStringRef) : failed to create global data
2018-02-24 12:10:31.892 plugin-container[34062:5424712] CFPasteboardRef CFPasteboardCreate(CFAllocatorRef, CFStringRef) : failed to create global data
2018-02-24 12:10:31.892 plugin-container[34062:5424712] CFPasteboardRef CFPasteboardCreate(CFAllocatorRef, CFStringRef) : failed to create global data
2018-02-24 12:10:31.893 plugin-container[34062:5424712] CFPasteboardRef CFPasteboardCreate(CFAllocatorRef, CFStringRef) : failed to create global data
2018-02-24 12:10:31.894 plugin-container[34066:5424766] *** CFMessagePort: bootstrap_register(): failed 1100 (0x44c) 'Permission denied', port = 0xaf43, name = 'com.apple.tsm.portname'
See /usr/include/servers/bootstrap_defs.h for the error codes.
2018-02-24 12:10:31.894 plugin-container[34062:5424712] CFPasteboardRef CFPasteboardCreate(CFAllocatorRef, CFStringRef) : failed to create global data
2018-02-24 12:10:31.894 plugin-container[34062:5424712] CFPasteboardRef CFPasteboardCreate(CFAllocatorRef, CFStringRef) : failed to create global data
2018-02-24 12:10:31.895 plugin-container[34062:5424712] CFPasteboardRef CFPasteboardCreate(CFAllocatorRef, CFStringRef) : failed to create global data
2018-02-24 12:10:31.895 plugin-container[34062:5424712] CFPasteboardRef CFPasteboardCreate(CFAllocatorRef, CFStringRef) : failed to create global data
2018-02-24 12:10:31.895 plugin-container[34066:5424766] CFPasteboardRef CFPasteboardCreate(CFAllocatorRef, CFStringRef) : failed to create global data
2018-02-24 12:10:31.895 plugin-container[34062:5424712] CFPasteboardRef CFPasteboardCreate(CFAllocatorRef, CFStringRef) : failed to create global data
2018-02-24 12:10:31.895 plugin-container[34062:5424712] CFPasteboardRef CFPasteboardCreate(CFAllocatorRef, CFStringRef) : failed to create global data
2018-02-24 12:10:31.896 plugin-container[34062:5424712] CFPasteboardRef CFPasteboardCreate(CFAllocatorRef, CFStringRef) : failed to create global data
2018-02-24 12:10:31.896 plugin-container[34066:5424766] CFPasteboardRef CFPasteboardCreate(CFAllocatorRef, CFStringRef) : failed to create global data
2018-02-24 12:10:31.896 plugin-container[34062:5424712] CFPasteboardRef CFPasteboardCreate(CFAllocatorRef, CFStringRef) : failed to create global data
2018-02-24 12:10:31.896 plugin-container[34066:5424766] CFPasteboardRef CFPasteboardCreate(CFAllocatorRef, CFStringRef) : failed to create global data
2018-02-24 12:10:31.896 plugin-container[34062:5424712] CFPasteboardRef CFPasteboardCreate(CFAllocatorRef, CFStringRef) : failed to create global data
2018-02-24 12:10:31.897 plugin-container[34063:5424716] *** CFMessagePort: bootstrap_register(): failed 1100 (0x44c) 'Permission denied', port = 0xb03f, name = 'com.apple.tsm.portname'
See /usr/include/servers/bootstrap_defs.h for the error codes.
2018-02-24 12:10:31.897 plugin-container[34063:5424716] CFPasteboardRef CFPasteboardCreate(CFAllocatorRef, CFStringRef) : failed to create global data
2018-02-24 12:10:31.897 plugin-container[34066:5424766] CFPasteboardRef CFPasteboardCreate(CFAllocatorRef, CFStringRef) : failed to create global data
2018-02-24 12:10:31.897 plugin-container[34062:5424712] CFPasteboardRef CFPasteboardCreate(CFAllocatorRef, CFStringRef) : failed to create global data
2018-02-24 12:10:31.897 plugin-container[34062:5424712] CFPasteboardRef CFPasteboardCreate(CFAllocatorRef, CFStringRef) : failed to create global data
2018-02-24 12:10:31.897 plugin-container[34062:5424712] CFPasteboardRef CFPasteboardCreate(CFAllocatorRef, CFStringRef) : failed to create global data
2018-02-24 12:10:31.898 plugin-container[34063:5424716] CFPasteboardRef CFPasteboardCreate(CFAllocatorRef, CFStringRef) : failed to create global data
2018-02-24 12:10:31.898 plugin-container[34062:5424712] CFPasteboardRef CFPasteboardCreate(CFAllocatorRef, CFStringRef) : failed to create global data
2018-02-24 12:10:31.898 plugin-container[34066:5424766] CFPasteboardRef CFPasteboardCreate(CFAllocatorRef, CFStringRef) : failed to create global data
2018-02-24 12:10:31.898 plugin-container[34063:5424716] CFPasteboardRef CFPasteboardCreate(CFAllocatorRef, CFStringRef) : failed to create global data
2018-02-24 12:10:31.898 plugin-container[34062:5424712] CFPasteboardRef CFPasteboardCreate(CFAllocatorRef, CFStringRef) : failed to create global data
2018-02-24 12:10:31.898 plugin-container[34066:5424766] CFPasteboardRef CFPasteboardCreate(CFAllocatorRef, CFStringRef) : failed to create global data
2018-02-24 12:10:31.898 plugin-container[34063:5424716] CFPasteboardRef CFPasteboardCreate(CFAllocatorRef, CFStringRef) : failed to create global data
2018-02-24 12:10:31.898 plugin-container[34062:5424712] CFPasteboardRef CFPasteboardCreate(CFAllocatorRef, CFStringRef) : failed to create global data
2018-02-24 12:10:31.899 plugin-container[34066:5424766] CFPasteboardRef CFPasteboardCreate(CFAllocatorRef, CFStringRef) : failed to create global data
2018-02-24 12:10:31.899 plugin-container[34066:5424766] CFPasteboardRef CFPasteboardCreate(CFAllocatorRef, CFStringRef) : failed to create global data
2018-02-24 12:10:31.899 plugin-container[34066:5424766] CFPasteboardRef CFPasteboardCreate(CFAllocatorRef, CFStringRef) : failed to create global data
2018-02-24 12:10:31.899 plugin-container[34066:5424766] CFPasteboardRef CFPasteboardCreate(CFAllocatorRef, CFStringRef) : failed to create global data
2018-02-24 12:10:31.899 plugin-container[34063:5424716] CFPasteboardRef CFPasteboardCreate(CFAllocatorRef, CFStringRef) : failed to create global data
2018-02-24 12:10:31.900 plugin-container[34063:5424716] CFPasteboardRef CFPasteboardCreate(CFAllocatorRef, CFStringRef) : failed to create global data
2018-02-24 12:10:31.900 plugin-container[34066:5424766] CFPasteboardRef CFPasteboardCreate(CFAllocatorRef, CFStringRef) : failed to create global data
2018-02-24 12:10:31.900 plugin-container[34066:5424766] CFPasteboardRef CFPasteboardCreate(CFAllocatorRef, CFStringRef) : failed to create global data
2018-02-24 12:10:31.900 plugin-container[34063:5424716] CFPasteboardRef CFPasteboardCreate(CFAllocatorRef, CFStringRef) : failed to create global data
2018-02-24 12:10:31.900 plugin-container[34066:5424766] CFPasteboardRef CFPasteboardCreate(CFAllocatorRef, CFStringRef) : failed to create global data
2018-02-24 12:10:31.900 plugin-container[34063:5424716] CFPasteboardRef CFPasteboardCreate(CFAllocatorRef, CFStringRef) : failed to create global data
2018-02-24 12:10:31.901 plugin-container[34066:5424766] CFPasteboardRef CFPasteboardCreate(CFAllocatorRef, CFStringRef) : failed to create global data
2018-02-24 12:10:31.901 plugin-container[34063:5424716] CFPasteboardRef CFPasteboardCreate(CFAllocatorRef, CFStringRef) : failed to create global data
2018-02-24 12:10:31.901 plugin-container[34066:5424766] CFPasteboardRef CFPasteboardCreate(CFAllocatorRef, CFStringRef) : failed to create global data
2018-02-24 12:10:31.901 plugin-container[34063:5424716] CFPasteboardRef CFPasteboardCreate(CFAllocatorRef, CFStringRef) : failed to create global data
2018-02-24 12:10:31.901 plugin-container[34066:5424766] CFPasteboardRef CFPasteboardCreate(CFAllocatorRef, CFStringRef) : failed to create global data
2018-02-24 12:10:31.901 plugin-container[34063:5424716] CFPasteboardRef CFPasteboardCreate(CFAllocatorRef, CFStringRef) : failed to create global data
2018-02-24 12:10:31.902 plugin-container[34062:5424712] CFPasteboardRef CFPasteboardCreate(CFAllocatorRef, CFStringRef) : failed to create global data
2018-02-24 12:10:31.902 plugin-container[34066:5424766] CFPasteboardRef CFPasteboardCreate(CFAllocatorRef, CFStringRef) : failed to create global data
2018-02-24 12:10:31.902 plugin-container[34063:5424716] CFPasteboardRef CFPasteboardCreate(CFAllocatorRef, CFStringRef) : failed to create global data
2018-02-24 12:10:31.902 plugin-container[34066:5424766] CFPasteboardRef CFPasteboardCreate(CFAllocatorRef, CFStringRef) : failed to create global data
2018-02-24 12:10:31.902 plugin-container[34063:5424716] CFPasteboardRef CFPasteboardCreate(CFAllocatorRef, CFStringRef) : failed to create global data
2018-02-24 12:10:31.902 plugin-container[34066:5424766] CFPasteboardRef CFPasteboardCreate(CFAllocatorRef, CFStringRef) : failed to create global data
2018-02-24 12:10:31.902 plugin-container[34063:5424716] CFPasteboardRef CFPasteboardCreate(CFAllocatorRef, CFStringRef) : failed to create global data
2018-02-24 12:10:31.903 plugin-container[34063:5424716] CFPasteboardRef CFPasteboardCreate(CFAllocatorRef, CFStringRef) : failed to create global data
2018-02-24 12:10:31.904 plugin-container[34063:5424716] CFPasteboardRef CFPasteboardCreate(CFAllocatorRef, CFStringRef) : failed to create global data
2018-02-24 12:10:31.904 plugin-container[34063:5424716] CFPasteboardRef CFPasteboardCreate(CFAllocatorRef, CFStringRef) : failed to create global data
2018-02-24 12:10:31.904 plugin-container[34063:5424716] CFPasteboardRef CFPasteboardCreate(CFAllocatorRef, CFStringRef) : failed to create global data
2018-02-24 12:10:31.905 plugin-container[34063:5424716] CFPasteboardRef CFPasteboardCreate(CFAllocatorRef, CFStringRef) : failed to create global data
2018-02-24 12:10:31.906 plugin-container[34066:5424766] CFPasteboardRef CFPasteboardCreate(CFAllocatorRef, CFStringRef) : failed to create global data
2018-02-24 12:10:31.908 plugin-container[34063:5424716] CFPasteboardRef CFPasteboardCreate(CFAllocatorRef, CFStringRef) : failed to create global data
2018-02-24 12:10:31.925 plugin-container[34064:5424735] *** CFMessagePort: bootstrap_register(): failed 1100 (0x44c) 'Permission denied', port = 0xb04b, name = 'com.apple.tsm.portname'
See /usr/include/servers/bootstrap_defs.h for the error codes.
2018-02-24 12:10:31.928 plugin-container[34064:5424735] CFPasteboardRef CFPasteboardCreate(CFAllocatorRef, CFStringRef) : failed to create global data
2018-02-24 12:10:31.929 plugin-container[34064:5424735] CFPasteboardRef CFPasteboardCreate(CFAllocatorRef, CFStringRef) : failed to create global data
2018-02-24 12:10:31.929 plugin-container[34064:5424735] CFPasteboardRef CFPasteboardCreate(CFAllocatorRef, CFStringRef) : failed to create global data
2018-02-24 12:10:31.930 plugin-container[34064:5424735] CFPasteboardRef CFPasteboardCreate(CFAllocatorRef, CFStringRef) : failed to create global data
2018-02-24 12:10:31.931 plugin-container[34064:5424735] CFPasteboardRef CFPasteboardCreate(CFAllocatorRef, CFStringRef) : failed to create global data
2018-02-24 12:10:31.931 plugin-container[34064:5424735] CFPasteboardRef CFPasteboardCreate(CFAllocatorRef, CFStringRef) : failed to create global data
2018-02-24 12:10:31.932 plugin-container[34064:5424735] CFPasteboardRef CFPasteboardCreate(CFAllocatorRef, CFStringRef) : failed to create global data
2018-02-24 12:10:31.932 plugin-container[34064:5424735] CFPasteboardRef CFPasteboardCreate(CFAllocatorRef, CFStringRef) : failed to create global data
2018-02-24 12:10:31.933 plugin-container[34064:5424735] CFPasteboardRef CFPasteboardCreate(CFAllocatorRef, CFStringRef) : failed to create global data
2018-02-24 12:10:31.933 plugin-container[34064:5424735] CFPasteboardRef CFPasteboardCreate(CFAllocatorRef, CFStringRef) : failed to create global data
2018-02-24 12:10:31.933 plugin-container[34064:5424735] CFPasteboardRef CFPasteboardCreate(CFAllocatorRef, CFStringRef) : failed to create global data
2018-02-24 12:10:31.934 plugin-container[34064:5424735] CFPasteboardRef CFPasteboardCreate(CFAllocatorRef, CFStringRef) : failed to create global data
2018-02-24 12:10:31.934 plugin-container[34064:5424735] CFPasteboardRef CFPasteboardCreate(CFAllocatorRef, CFStringRef) : failed to create global data
2018-02-24 12:10:31.934 plugin-container[34064:5424735] CFPasteboardRef CFPasteboardCreate(CFAllocatorRef, CFStringRef) : failed to create global data
2018-02-24 12:10:31.935 plugin-container[34064:5424735] CFPasteboardRef CFPasteboardCreate(CFAllocatorRef, CFStringRef) : failed to create global data
2018-02-24 12:10:31.935 plugin-container[34064:5424735] CFPasteboardRef CFPasteboardCreate(CFAllocatorRef, CFStringRef) : failed to create global data
2018-02-24 12:10:31.936 plugin-container[34064:5424735] CFPasteboardRef CFPasteboardCreate(CFAllocatorRef, CFStringRef) : failed to create global data
2018-02-24 12:10:31.936 plugin-container[34064:5424735] CFPasteboardRef CFPasteboardCreate(CFAllocatorRef, CFStringRef) : failed to create global data
2018-02-24 12:10:31.936 plugin-container[34064:5424735] CFPasteboardRef CFPasteboardCreate(CFAllocatorRef, CFStringRef) : failed to create global data
2018-02-24 12:10:31.940 plugin-container[34064:5424735] CFPasteboardRef CFPasteboardCreate(CFAllocatorRef, CFStringRef) : failed to create global data
2018-02-24 12:10:32.292 plugin-container[34067:5425222] *** CFMessagePort: bootstrap_register(): failed 1100 (0x44c) 'Permission denied', port = 0xa64b, name = 'com.apple.tsm.portname'
See /usr/include/servers/bootstrap_defs.h for the error codes.
2018-02-24 12:10:32.293 plugin-container[34067:5425222] CFPasteboardRef CFPasteboardCreate(CFAllocatorRef, CFStringRef) : failed to create global data
2018-02-24 12:10:32.294 plugin-container[34067:5425222] CFPasteboardRef CFPasteboardCreate(CFAllocatorRef, CFStringRef) : failed to create global data
2018-02-24 12:10:32.295 plugin-container[34067:5425222] CFPasteboardRef CFPasteboardCreate(CFAllocatorRef, CFStringRef) : failed to create global data
2018-02-24 12:10:32.296 plugin-container[34067:5425222] CFPasteboardRef CFPasteboardCreate(CFAllocatorRef, CFStringRef) : failed to create global data
2018-02-24 12:10:32.297 plugin-container[34067:5425222] CFPasteboardRef CFPasteboardCreate(CFAllocatorRef, CFStringRef) : failed to create global data
2018-02-24 12:10:32.297 plugin-container[34067:5425222] CFPasteboardRef CFPasteboardCreate(CFAllocatorRef, CFStringRef) : failed to create global data
2018-02-24 12:10:32.298 plugin-container[34067:5425222] CFPasteboardRef CFPasteboardCreate(CFAllocatorRef, CFStringRef) : failed to create global data
2018-02-24 12:10:32.298 plugin-container[34067:5425222] CFPasteboardRef CFPasteboardCreate(CFAllocatorRef, CFStringRef) : failed to create global data
2018-02-24 12:10:32.298 plugin-container[34067:5425222] CFPasteboardRef CFPasteboardCreate(CFAllocatorRef, CFStringRef) : failed to create global data
2018-02-24 12:10:32.298 plugin-container[34067:5425222] CFPasteboardRef CFPasteboardCreate(CFAllocatorRef, CFStringRef) : failed to create global data
2018-02-24 12:10:32.299 plugin-container[34067:5425222] CFPasteboardRef CFPasteboardCreate(CFAllocatorRef, CFStringRef) : failed to create global data
2018-02-24 12:10:32.299 plugin-container[34067:5425222] CFPasteboardRef CFPasteboardCreate(CFAllocatorRef, CFStringRef) : failed to create global data
2018-02-24 12:10:32.299 plugin-container[34067:5425222] CFPasteboardRef CFPasteboardCreate(CFAllocatorRef, CFStringRef) : failed to create global data
2018-02-24 12:10:32.300 plugin-container[34067:5425222] CFPasteboardRef CFPasteboardCreate(CFAllocatorRef, CFStringRef) : failed to create global data
2018-02-24 12:10:32.300 plugin-container[34067:5425222] CFPasteboardRef CFPasteboardCreate(CFAllocatorRef, CFStringRef) : failed to create global data
2018-02-24 12:10:32.300 plugin-container[34067:5425222] CFPasteboardRef CFPasteboardCreate(CFAllocatorRef, CFStringRef) : failed to create global data
2018-02-24 12:10:32.301 plugin-container[34067:5425222] CFPasteboardRef CFPasteboardCreate(CFAllocatorRef, CFStringRef) : failed to create global data
2018-02-24 12:10:32.301 plugin-container[34067:5425222] CFPasteboardRef CFPasteboardCreate(CFAllocatorRef, CFStringRef) : failed to create global data
2018-02-24 12:10:32.302 plugin-container[34067:5425222] CFPasteboardRef CFPasteboardCreate(CFAllocatorRef, CFStringRef) : failed to create global data
2018-02-24 12:10:32.309 plugin-container[34067:5425222] CFPasteboardRef CFPasteboardCreate(CFAllocatorRef, CFStringRef) : failed to create global data
1519492232663	Marionette	INFO	Listening on port 58475
2018-02-24 12:10:32.684 plugin-container[34068:5425412] *** CFMessagePort: bootstrap_register(): failed 1100 (0x44c) 'Permission denied', port = 0xaa4f, name = 'com.apple.tsm.portname'
See /usr/include/servers/bootstrap_defs.h for the error codes.
2018-02-24 12:10:32.685 plugin-container[34068:5425412] CFPasteboardRef CFPasteboardCreate(CFAllocatorRef, CFStringRef) : failed to create global data
2018-02-24 12:10:32.686 plugin-container[34068:5425412] CFPasteboardRef CFPasteboardCreate(CFAllocatorRef, CFStringRef) : failed to create global data
2018-02-24 12:10:32.686 plugin-container[34068:5425412] CFPasteboardRef CFPasteboardCreate(CFAllocatorRef, CFStringRef) : failed to create global data
2018-02-24 12:10:32.686 plugin-container[34068:5425412] CFPasteboardRef CFPasteboardCreate(CFAllocatorRef, CFStringRef) : failed to create global data
2018-02-24 12:10:32.688 plugin-container[34068:5425412] CFPasteboardRef CFPasteboardCreate(CFAllocatorRef, CFStringRef) : failed to create global data
2018-02-24 12:10:32.688 plugin-container[34068:5425412] CFPasteboardRef CFPasteboardCreate(CFAllocatorRef, CFStringRef) : failed to create global data
2018-02-24 12:10:32.688 plugin-container[34068:5425412] CFPasteboardRef CFPasteboardCreate(CFAllocatorRef, CFStringRef) : failed to create global data
2018-02-24 12:10:32.689 plugin-container[34068:5425412] CFPasteboardRef CFPasteboardCreate(CFAllocatorRef, CFStringRef) : failed to create global data
2018-02-24 12:10:32.689 plugin-container[34068:5425412] CFPasteboardRef CFPasteboardCreate(CFAllocatorRef, CFStringRef) : failed to create global data
2018-02-24 12:10:32.689 plugin-container[34068:5425412] CFPasteboardRef CFPasteboardCreate(CFAllocatorRef, CFStringRef) : failed to create global data
2018-02-24 12:10:32.690 plugin-container[34068:5425412] CFPasteboardRef CFPasteboardCreate(CFAllocatorRef, CFStringRef) : failed to create global data
2018-02-24 12:10:32.690 plugin-container[34068:5425412] CFPasteboardRef CFPasteboardCreate(CFAllocatorRef, CFStringRef) : failed to create global data
2018-02-24 12:10:32.690 plugin-container[34068:5425412] CFPasteboardRef CFPasteboardCreate(CFAllocatorRef, CFStringRef) : failed to create global data
2018-02-24 12:10:32.690 plugin-container[34068:5425412] CFPasteboardRef CFPasteboardCreate(CFAllocatorRef, CFStringRef) : failed to create global data
2018-02-24 12:10:32.691 plugin-container[34068:5425412] CFPasteboardRef CFPasteboardCreate(CFAllocatorRef, CFStringRef) : failed to create global data
2018-02-24 12:10:32.691 plugin-container[34068:5425412] CFPasteboardRef CFPasteboardCreate(CFAllocatorRef, CFStringRef) : failed to create global data
2018-02-24 12:10:32.691 plugin-container[34068:5425412] CFPasteboardRef CFPasteboardCreate(CFAllocatorRef, CFStringRef) : failed to create global data
2018-02-24 12:10:32.692 plugin-container[34068:5425412] CFPasteboardRef CFPasteboardCreate(CFAllocatorRef, CFStringRef) : failed to create global data
2018-02-24 12:10:32.692 plugin-container[34068:5425412] CFPasteboardRef CFPasteboardCreate(CFAllocatorRef, CFStringRef) : failed to create global data
2018-02-24 12:10:32.695 plugin-container[34068:5425412] CFPasteboardRef CFPasteboardCreate(CFAllocatorRef, CFStringRef) : failed to create global data
2018-02-24 12:10:32.806 plugin-container[34069:5425481] *** CFMessagePort: bootstrap_register(): failed 1100 (0x44c) 'Permission denied', port = 0xa557, name = 'com.apple.tsm.portname'
See /usr/include/servers/bootstrap_defs.h for the error codes.
2018-02-24 12:10:32.806 plugin-container[34069:5425481] CFPasteboardRef CFPasteboardCreate(CFAllocatorRef, CFStringRef) : failed to create global data
2018-02-24 12:10:32.807 plugin-container[34069:5425481] CFPasteboardRef CFPasteboardCreate(CFAllocatorRef, CFStringRef) : failed to create global data
2018-02-24 12:10:32.808 plugin-container[34069:5425481] CFPasteboardRef CFPasteboardCreate(CFAllocatorRef, CFStringRef) : failed to create global data
2018-02-24 12:10:32.809 plugin-container[34069:5425481] CFPasteboardRef CFPasteboardCreate(CFAllocatorRef, CFStringRef) : failed to create global data
2018-02-24 12:10:32.810 plugin-container[34069:5425481] CFPasteboardRef CFPasteboardCreate(CFAllocatorRef, CFStringRef) : failed to create global data
2018-02-24 12:10:32.810 plugin-container[34069:5425481] CFPasteboardRef CFPasteboardCreate(CFAllocatorRef, CFStringRef) : failed to create global data
2018-02-24 12:10:32.811 plugin-container[34069:5425481] CFPasteboardRef CFPasteboardCreate(CFAllocatorRef, CFStringRef) : failed to create global data
2018-02-24 12:10:32.811 plugin-container[34069:5425481] CFPasteboardRef CFPasteboardCreate(CFAllocatorRef, CFStringRef) : failed to create global data
2018-02-24 12:10:32.812 plugin-container[34069:5425481] CFPasteboardRef CFPasteboardCreate(CFAllocatorRef, CFStringRef) : failed to create global data
2018-02-24 12:10:32.812 plugin-container[34069:5425481] CFPasteboardRef CFPasteboardCreate(CFAllocatorRef, CFStringRef) : failed to create global data
2018-02-24 12:10:32.813 plugin-container[34069:5425481] CFPasteboardRef CFPasteboardCreate(CFAllocatorRef, CFStringRef) : failed to create global data
2018-02-24 12:10:32.813 plugin-container[34069:5425481] CFPasteboardRef CFPasteboardCreate(CFAllocatorRef, CFStringRef) : failed to create global data
2018-02-24 12:10:32.813 plugin-container[34069:5425481] CFPasteboardRef CFPasteboardCreate(CFAllocatorRef, CFStringRef) : failed to create global data
2018-02-24 12:10:32.814 plugin-container[34069:5425481] CFPasteboardRef CFPasteboardCreate(CFAllocatorRef, CFStringRef) : failed to create global data
2018-02-24 12:10:32.815 plugin-container[34069:5425481] CFPasteboardRef CFPasteboardCreate(CFAllocatorRef, CFStringRef) : failed to create global data
2018-02-24 12:10:32.816 plugin-container[34069:5425481] CFPasteboardRef CFPasteboardCreate(CFAllocatorRef, CFStringRef) : failed to create global data
2018-02-24 12:10:32.817 plugin-container[34069:5425481] CFPasteboardRef CFPasteboardCreate(CFAllocatorRef, CFStringRef) : failed to create global data
2018-02-24 12:10:32.818 plugin-container[34069:5425481] CFPasteboardRef CFPasteboardCreate(CFAllocatorRef, CFStringRef) : failed to create global data
2018-02-24 12:10:32.818 plugin-container[34069:5425481] CFPasteboardRef CFPasteboardCreate(CFAllocatorRef, CFStringRef) : failed to create global data
2018-02-24 12:10:32.822 plugin-container[34069:5425481] CFPasteboardRef CFPasteboardCreate(CFAllocatorRef, CFStringRef) : failed to create global data
1519492232876	Marionette	INFO	Listening on port 58470
2018-02-24 12:10:32.907 plugin-container[34070:5425482] *** CFMessagePort: bootstrap_register(): failed 1100 (0x44c) 'Permission denied', port = 0xaa4f, name = 'com.apple.tsm.portname'
See /usr/include/servers/bootstrap_defs.h for the error codes.
2018-02-24 12:10:32.908 plugin-container[34070:5425482] CFPasteboardRef CFPasteboardCreate(CFAllocatorRef, CFStringRef) : failed to create global data
2018-02-24 12:10:32.909 plugin-container[34070:5425482] CFPasteboardRef CFPasteboardCreate(CFAllocatorRef, CFStringRef) : failed to create global data
2018-02-24 12:10:32.909 plugin-container[34070:5425482] CFPasteboardRef CFPasteboardCreate(CFAllocatorRef, CFStringRef) : failed to create global data
2018-02-24 12:10:32.909 plugin-container[34070:5425482] CFPasteboardRef CFPasteboardCreate(CFAllocatorRef, CFStringRef) : failed to create global data
2018-02-24 12:10:32.910 plugin-container[34070:5425482] CFPasteboardRef CFPasteboardCreate(CFAllocatorRef, CFStringRef) : failed to create global data
2018-02-24 12:10:32.911 plugin-container[34070:5425482] CFPasteboardRef CFPasteboardCreate(CFAllocatorRef, CFStringRef) : failed to create global data
2018-02-24 12:10:32.911 plugin-container[34070:5425482] CFPasteboardRef CFPasteboardCreate(CFAllocatorRef, CFStringRef) : failed to create global data
2018-02-24 12:10:32.911 plugin-container[34070:5425482] CFPasteboardRef CFPasteboardCreate(CFAllocatorRef, CFStringRef) : failed to create global data
2018-02-24 12:10:32.912 plugin-container[34070:5425482] CFPasteboardRef CFPasteboardCreate(CFAllocatorRef, CFStringRef) : failed to create global data
2018-02-24 12:10:32.912 plugin-container[34070:5425482] CFPasteboardRef CFPasteboardCreate(CFAllocatorRef, CFStringRef) : failed to create global data
2018-02-24 12:10:32.912 plugin-container[34070:5425482] CFPasteboardRef CFPasteboardCreate(CFAllocatorRef, CFStringRef) : failed to create global data
2018-02-24 12:10:32.913 plugin-container[34070:5425482] CFPasteboardRef CFPasteboardCreate(CFAllocatorRef, CFStringRef) : failed to create global data
2018-02-24 12:10:32.913 plugin-container[34070:5425482] CFPasteboardRef CFPasteboardCreate(CFAllocatorRef, CFStringRef) : failed to create global data
2018-02-24 12:10:32.917 plugin-container[34070:5425482] CFPasteboardRef CFPasteboardCreate(CFAllocatorRef, CFStringRef) : failed to create global data
2018-02-24 12:10:32.917 plugin-container[34070:5425482] CFPasteboardRef CFPasteboardCreate(CFAllocatorRef, CFStringRef) : failed to create global data
2018-02-24 12:10:32.917 plugin-container[34070:5425482] CFPasteboardRef CFPasteboardCreate(CFAllocatorRef, CFStringRef) : failed to create global data
2018-02-24 12:10:32.918 plugin-container[34070:5425482] CFPasteboardRef CFPasteboardCreate(CFAllocatorRef, CFStringRef) : failed to create global data
2018-02-24 12:10:32.918 plugin-container[34070:5425482] CFPasteboardRef CFPasteboardCreate(CFAllocatorRef, CFStringRef) : failed to create global data
2018-02-24 12:10:32.919 plugin-container[34070:5425482] CFPasteboardRef CFPasteboardCreate(CFAllocatorRef, CFStringRef) : failed to create global data
2018-02-24 12:10:32.923 plugin-container[34070:5425482] CFPasteboardRef CFPasteboardCreate(CFAllocatorRef, CFStringRef) : failed to create global data
1519492233062	Marionette	INFO	Listening on port 58469
12:10:33.118 INFO - Detected dialect: W3C
1519492233155	Marionette	INFO	Listening on port 58476
12:10:33.218 INFO - Detected dialect: W3C
12:10:33.303 INFO - Found handler: org.openqa.selenium.remote.server.ServicedSession@5ffd4778
12:10:33.304 INFO - Handler thread for session ec284ad9-3c07-2041-9b2c-84b2f8daa8f2 (firefox): Executing POST on /session/ec284ad9-3c07-2041-9b2c-84b2f8daa8f2/url (handler: ServicedSession)
12:10:33.356 INFO - Found handler: org.openqa.selenium.remote.server.ServicedSession@745ec1a8
12:10:33.356 INFO - Found handler: org.openqa.selenium.remote.server.ServicedSession@745ec1a8
12:10:33.357 INFO - Handler thread for session 81f87d75-2915-7049-aed3-8edd060a1557 (firefox): Executing DELETE on /session/81f87d75-2915-7049-aed3-8edd060a1557 (handler: ServicedSession)
12:10:33.357 INFO - Handler thread for session 81f87d75-2915-7049-aed3-8edd060a1557 (firefox): Executing DELETE on /session/81f87d75-2915-7049-aed3-8edd060a1557 (handler: ServicedSession)
1519492233383	addons.xpi	WARN	Exception running bootstrap method shutdown on activity-stream@mozilla.org: [Exception... "Component returned failure code: 0x80004005 (NS_ERROR_FAILURE) [nsIObserverService.removeObserver]"  nsresult: "0x80004005 (NS_ERROR_FAILURE)"  location: "JS frame :: resource://activity-stream/lib/SnippetsFeed.jsm :: uninit :: line 125"  data: no] Stack trace: uninit()@resource://activity-stream/lib/SnippetsFeed.jsm:125 < onAction()@resource://activity-stream/lib/SnippetsFeed.jsm:141 < _middleware/</<()@resource://activity-stream/lib/Store.jsm:51 < Store/this[method]()@resource://activity-stream/lib/Store.jsm:30 < uninit()@resource://activity-stream/lib/Store.jsm:153 < uninit()@resource://activity-stream/lib/ActivityStream.jsm:278 < uninit()@resource://gre/modules/addons/XPIProvider.jsm -> jar:file:///Applications/Firefox.app/Contents/Resources/browser/features/activity-stream@mozilla.org.xpi!/bootstrap.js:80 < shutdown()@resource://gre/modules/addons/XPIProvider.jsm -> jar:file:///Applications/Firefox.app/Contents/Resources/browser/features/activity-stream@mozilla.org.xpi!/bootstrap.js:196 < callBootstrapMethod()@resource://gre/modules/addons/XPIProvider.jsm:4406 < observe()@resource://gre/modules/addons/XPIProvider.jsm:2270 < GeckoDriver.prototype.quit()@driver.js:3381 < despatch()@server.js:560 < execute()@server.js:534 < onPacket/<()@server.js:509 < onPacket()@server.js:508 < _onJSONObjectReady/<()@transport.js:500
12:10:33.421 INFO - Detected dialect: W3C
12:10:33.447 INFO - Detected dialect: W3C
1519492233483	Marionette	INFO	Listening on port 58473
12:10:33.492 INFO - Found handler: org.openqa.selenium.remote.server.ServicedSession@1ad5cb3c
12:10:33.492 INFO - Found handler: org.openqa.selenium.remote.server.ServicedSession@719f3822
12:10:33.492 INFO - Handler thread for session 948e44f5-2095-e745-936a-58ae7eba6a86 (firefox): Executing POST on /session/948e44f5-2095-e745-936a-58ae7eba6a86/url (handler: ServicedSession)
12:10:33.492 INFO - Handler thread for session 88466b4e-7300-204a-9584-50c45352dca0 (firefox): Executing POST on /session/88466b4e-7300-204a-9584-50c45352dca0/url (handler: ServicedSession)
1519492233514	Marionette	INFO	Listening on port 58474
12:10:33.717 INFO - Removing session org.openqa.selenium.remote.server.ServicedSession@745ec1a8
12:10:33.821 INFO - Detected dialect: W3C
12:10:33.838 INFO - Found handler: org.openqa.selenium.remote.server.ServicedSession@2f08920
12:10:33.838 INFO - Handler thread for session 4aa4ea62-a7af-3b40-81e0-82c85b352161 (firefox): Executing POST on /session/4aa4ea62-a7af-3b40-81e0-82c85b352161/url (handler: ServicedSession)
12:10:33.948 INFO - Detected dialect: W3C
12:10:33.969 INFO - Found handler: org.openqa.selenium.remote.server.ServicedSession@48a26cd6
12:10:33.969 INFO - Handler thread for session c5cff869-0fd7-e94d-b438-34cbcc2feb40 (firefox): Executing POST on /session/c5cff869-0fd7-e94d-b438-34cbcc2feb40/url (handler: ServicedSession)
2018-02-24 12:10:34.051 plugin-container[34071:5425801] *** CFMessagePort: bootstrap_register(): failed 1100 (0x44c) 'Permission denied', port = 0xa94b, name = 'com.apple.tsm.portname'
See /usr/include/servers/bootstrap_defs.h for the error codes.
2018-02-24 12:10:34.053 plugin-container[34071:5425801] CFPasteboardRef CFPasteboardCreate(CFAllocatorRef, CFStringRef) : failed to create global data
2018-02-24 12:10:34.054 plugin-container[34071:5425801] CFPasteboardRef CFPasteboardCreate(CFAllocatorRef, CFStringRef) : failed to create global data
2018-02-24 12:10:34.054 plugin-container[34071:5425801] CFPasteboardRef CFPasteboardCreate(CFAllocatorRef, CFStringRef) : failed to create global data
2018-02-24 12:10:34.055 plugin-container[34071:5425801] CFPasteboardRef CFPasteboardCreate(CFAllocatorRef, CFStringRef) : failed to create global data
2018-02-24 12:10:34.057 plugin-container[34071:5425801] CFPasteboardRef CFPasteboardCreate(CFAllocatorRef, CFStringRef) : failed to create global data
2018-02-24 12:10:34.057 plugin-container[34071:5425801] CFPasteboardRef CFPasteboardCreate(CFAllocatorRef, CFStringRef) : failed to create global data
2018-02-24 12:10:34.057 plugin-container[34071:5425801] CFPasteboardRef CFPasteboardCreate(CFAllocatorRef, CFStringRef) : failed to create global data
2018-02-24 12:10:34.058 plugin-container[34071:5425801] CFPasteboardRef CFPasteboardCreate(CFAllocatorRef, CFStringRef) : failed to create global data
2018-02-24 12:10:34.058 plugin-container[34071:5425801] CFPasteboardRef CFPasteboardCreate(CFAllocatorRef, CFStringRef) : failed to create global data
2018-02-24 12:10:34.059 plugin-container[34071:5425801] CFPasteboardRef CFPasteboardCreate(CFAllocatorRef, CFStringRef) : failed to create global data
2018-02-24 12:10:34.060 plugin-container[34071:5425801] CFPasteboardRef CFPasteboardCreate(CFAllocatorRef, CFStringRef) : failed to create global data
2018-02-24 12:10:34.060 plugin-container[34071:5425801] CFPasteboardRef CFPasteboardCreate(CFAllocatorRef, CFStringRef) : failed to create global data
2018-02-24 12:10:34.061 plugin-container[34071:5425801] CFPasteboardRef CFPasteboardCreate(CFAllocatorRef, CFStringRef) : failed to create global data
2018-02-24 12:10:34.061 plugin-container[34071:5425801] CFPasteboardRef CFPasteboardCreate(CFAllocatorRef, CFStringRef) : failed to create global data
2018-02-24 12:10:34.062 plugin-container[34071:5425801] CFPasteboardRef CFPasteboardCreate(CFAllocatorRef, CFStringRef) : failed to create global data
2018-02-24 12:10:34.062 plugin-container[34071:5425801] CFPasteboardRef CFPasteboardCreate(CFAllocatorRef, CFStringRef) : failed to create global data
2018-02-24 12:10:34.062 plugin-container[34071:5425801] CFPasteboardRef CFPasteboardCreate(CFAllocatorRef, CFStringRef) : failed to create global data
2018-02-24 12:10:34.063 plugin-container[34071:5425801] CFPasteboardRef CFPasteboardCreate(CFAllocatorRef, CFStringRef) : failed to create global data
2018-02-24 12:10:34.064 plugin-container[34071:5425801] CFPasteboardRef CFPasteboardCreate(CFAllocatorRef, CFStringRef) : failed to create global data
2018-02-24 12:10:34.068 plugin-container[34071:5425801] CFPasteboardRef CFPasteboardCreate(CFAllocatorRef, CFStringRef) : failed to create global data
12:10:37.165 INFO - Found handler: org.openqa.selenium.remote.server.ServicedSession@719f3822
12:10:37.165 INFO - Handler thread for session 948e44f5-2095-e745-936a-58ae7eba6a86 (firefox): Executing GET on /session/948e44f5-2095-e745-936a-58ae7eba6a86 (handler: ServicedSession)
12:10:37.945 INFO - Found handler: org.openqa.selenium.remote.server.ServicedSession@48a26cd6
12:10:37.945 INFO - Handler thread for session c5cff869-0fd7-e94d-b438-34cbcc2feb40 (firefox): Executing POST on /session/c5cff869-0fd7-e94d-b438-34cbcc2feb40/elements (handler: ServicedSession)
12:10:38.004 INFO - Found handler: org.openqa.selenium.remote.server.ServicedSession@48a26cd6
12:10:38.004 INFO - Handler thread for session c5cff869-0fd7-e94d-b438-34cbcc2feb40 (firefox): Executing POST on /session/c5cff869-0fd7-e94d-b438-34cbcc2feb40/elements (handler: ServicedSession)
12:10:38.042 INFO - Found handler: org.openqa.selenium.remote.server.ServicedSession@48a26cd6
12:10:38.042 INFO - Handler thread for session c5cff869-0fd7-e94d-b438-34cbcc2feb40 (firefox): Executing POST on /session/c5cff869-0fd7-e94d-b438-34cbcc2feb40/elements (handler: ServicedSession)
12:10:38.071 INFO - Found handler: org.openqa.selenium.remote.server.ServicedSession@48a26cd6
12:10:38.072 INFO - Handler thread for session c5cff869-0fd7-e94d-b438-34cbcc2feb40 (firefox): Executing POST on /session/c5cff869-0fd7-e94d-b438-34cbcc2feb40/elements (handler: ServicedSession)
12:10:38.093 INFO - Found handler: org.openqa.selenium.remote.server.ServicedSession@48a26cd6
12:10:38.094 INFO - Handler thread for session c5cff869-0fd7-e94d-b438-34cbcc2feb40 (firefox): Executing POST on /session/c5cff869-0fd7-e94d-b438-34cbcc2feb40/elements (handler: ServicedSession)
12:10:38.227 INFO - Found handler: org.openqa.selenium.remote.server.ServicedSession@719f3822
12:10:38.228 INFO - Handler thread for session 948e44f5-2095-e745-936a-58ae7eba6a86 (firefox): Executing DELETE on /session/948e44f5-2095-e745-936a-58ae7eba6a86 (handler: ServicedSession)
12:10:38.230 INFO - Found handler: org.openqa.selenium.remote.server.ServicedSession@719f3822
12:10:38.231 INFO - Handler thread for session 948e44f5-2095-e745-936a-58ae7eba6a86 (firefox): Executing DELETE on /session/948e44f5-2095-e745-936a-58ae7eba6a86 (handler: ServicedSession)
12:10:38.315 INFO - Found handler: org.openqa.selenium.remote.server.ServicedSession@1ad5cb3c
12:10:38.315 INFO - Found handler: org.openqa.selenium.remote.server.ServicedSession@1ad5cb3c
12:10:38.315 INFO - Handler thread for session 88466b4e-7300-204a-9584-50c45352dca0 (firefox): Executing DELETE on /session/88466b4e-7300-204a-9584-50c45352dca0 (handler: ServicedSession)
12:10:38.315 INFO - Handler thread for session 88466b4e-7300-204a-9584-50c45352dca0 (firefox): Executing DELETE on /session/88466b4e-7300-204a-9584-50c45352dca0 (handler: ServicedSession)
12:10:38.515 INFO - Found handler: org.openqa.selenium.remote.server.ServicedSession@48a26cd6
12:10:38.515 INFO - Found handler: org.openqa.selenium.remote.server.ServicedSession@48a26cd6
12:10:38.515 INFO - Handler thread for session c5cff869-0fd7-e94d-b438-34cbcc2feb40 (firefox): Executing DELETE on /session/c5cff869-0fd7-e94d-b438-34cbcc2feb40 (handler: ServicedSession)
12:10:38.516 INFO - Handler thread for session c5cff869-0fd7-e94d-b438-34cbcc2feb40 (firefox): Executing DELETE on /session/c5cff869-0fd7-e94d-b438-34cbcc2feb40 (handler: ServicedSession)
JavaScript error: https://www.google.com/logos/2018/snowgames_octopus/snowgames_octopus18.js, line 64: NS_ERROR_NOT_INITIALIZED: 
[GFX1-]: Receive IPC close with reason=AbnormalShutdown
[GFX1-]: Receive IPC close with reason=AbnormalShutdown
12:10:38.740 INFO - Removing session org.openqa.selenium.remote.server.ServicedSession@1ad5cb3c
[GFX1-]: Receive IPC close with reason=AbnormalShutdown
[GFX1-]: Receive IPC close with reason=AbnormalShutdown
12:10:39.105 INFO - Removing session org.openqa.selenium.remote.server.ServicedSession@48a26cd6
12:10:39.901 INFO - Removing session org.openqa.selenium.remote.server.ServicedSession@719f3822
JavaScript warning: https://mathid.mathtag.com/d/i.js, line 1: unreachable code after return statement
JavaScript warning: https://mathid.mathtag.com/d/i.js, line 1: unreachable code after return statement
12:10:45.341 INFO - Found handler: org.openqa.selenium.remote.server.ServicedSession@5ffd4778
12:10:45.342 INFO - Handler thread for session ec284ad9-3c07-2041-9b2c-84b2f8daa8f2 (firefox): Executing POST on /session/ec284ad9-3c07-2041-9b2c-84b2f8daa8f2/element (handler: ServicedSession)
12:10:45.372 INFO - Found handler: org.openqa.selenium.remote.server.ServicedSession@5ffd4778
12:10:45.372 INFO - Handler thread for session ec284ad9-3c07-2041-9b2c-84b2f8daa8f2 (firefox): Executing GET on /session/ec284ad9-3c07-2041-9b2c-84b2f8daa8f2/element/undefined/displayed (handler: ServicedSession)
12:10:45.432 INFO - Found handler: org.openqa.selenium.remote.server.ServicedSession@5ffd4778
12:10:45.432 INFO - Handler thread for session ec284ad9-3c07-2041-9b2c-84b2f8daa8f2 (firefox): Executing POST on /session/ec284ad9-3c07-2041-9b2c-84b2f8daa8f2/element (handler: ServicedSession)
12:10:45.456 INFO - Found handler: org.openqa.selenium.remote.server.ServicedSession@5ffd4778
12:10:45.456 INFO - Handler thread for session ec284ad9-3c07-2041-9b2c-84b2f8daa8f2 (firefox): Executing POST on /session/ec284ad9-3c07-2041-9b2c-84b2f8daa8f2/element/undefined/click (handler: ServicedSession)
12:10:45.487 INFO - Found handler: org.openqa.selenium.remote.server.ServicedSession@5ffd4778
12:10:45.487 INFO - Handler thread for session ec284ad9-3c07-2041-9b2c-84b2f8daa8f2 (firefox): Executing GET on /session/ec284ad9-3c07-2041-9b2c-84b2f8daa8f2/window_handles (handler: ServicedSession)
12:10:45.509 INFO - Found handler: org.openqa.selenium.remote.server.ServicedSession@5ffd4778
12:10:45.509 INFO - Handler thread for session ec284ad9-3c07-2041-9b2c-84b2f8daa8f2 (firefox): Executing POST on /session/ec284ad9-3c07-2041-9b2c-84b2f8daa8f2/window (handler: ServicedSession)
12:10:45.552 INFO - Found handler: org.openqa.selenium.remote.server.ServicedSession@5ffd4778
12:10:45.552 INFO - Handler thread for session ec284ad9-3c07-2041-9b2c-84b2f8daa8f2 (firefox): Executing GET on /session/ec284ad9-3c07-2041-9b2c-84b2f8daa8f2/url (handler: ServicedSession)
12:10:45.573 INFO - Found handler: org.openqa.selenium.remote.server.ServicedSession@5ffd4778
12:10:45.573 INFO - Handler thread for session ec284ad9-3c07-2041-9b2c-84b2f8daa8f2 (firefox): Executing DELETE on /session/ec284ad9-3c07-2041-9b2c-84b2f8daa8f2 (handler: ServicedSession)
[GFX1-]: Receive IPC close with reason=AbnormalShutdown
12:10:45.884 INFO - Removing session org.openqa.selenium.remote.server.ServicedSession@5ffd4778
12:10:45.946 INFO - Found handler: org.openqa.selenium.remote.server.ServicedSession@2f08920
12:10:45.947 INFO - Handler thread for session 4aa4ea62-a7af-3b40-81e0-82c85b352161 (firefox): Executing POST on /session/4aa4ea62-a7af-3b40-81e0-82c85b352161/execute (handler: ServicedSession)
12:10:46.411 INFO - Found handler: org.openqa.selenium.remote.server.ServicedSession@2f08920
12:10:46.411 INFO - Handler thread for session 4aa4ea62-a7af-3b40-81e0-82c85b352161 (firefox): Executing GET on /session/4aa4ea62-a7af-3b40-81e0-82c85b352161/url (handler: ServicedSession)
12:10:46.434 INFO - Found handler: org.openqa.selenium.remote.server.ServicedSession@2f08920
12:10:46.435 INFO - Handler thread for session 4aa4ea62-a7af-3b40-81e0-82c85b352161 (firefox): Executing POST on /session/4aa4ea62-a7af-3b40-81e0-82c85b352161/execute (handler: ServicedSession)
12:10:46.568 INFO - Found handler: org.openqa.selenium.remote.server.ServicedSession@2f08920
12:10:46.568 INFO - Handler thread for session 4aa4ea62-a7af-3b40-81e0-82c85b352161 (firefox): Executing POST on /session/4aa4ea62-a7af-3b40-81e0-82c85b352161/execute (handler: ServicedSession)
12:10:46.990 INFO - Found handler: org.openqa.selenium.remote.server.ServicedSession@2f08920
12:10:46.990 INFO - Handler thread for session 4aa4ea62-a7af-3b40-81e0-82c85b352161 (firefox): Executing POST on /session/4aa4ea62-a7af-3b40-81e0-82c85b352161/keys (handler: ServicedSession)
12:10:47.020 INFO - Found handler: org.openqa.selenium.remote.server.ServicedSession@2f08920
12:10:47.021 INFO - Handler thread for session 4aa4ea62-a7af-3b40-81e0-82c85b352161 (firefox): Executing POST on /session/4aa4ea62-a7af-3b40-81e0-82c85b352161/execute (handler: ServicedSession)
JavaScript error: https://preps.cincinnati.com/dist/js/sd-ce-polyfills-chunk.19cbba4b.js, line 1: TypeError: n is undefined
JavaScript error: https://preps.cincinnati.com/dist/js/sd-ce-polyfills-chunk.19cbba4b.js, line 1: TypeError: n is undefined
JavaScript error: https://preps.cincinnati.com/dist/js/sd-ce-polyfills-chunk.19cbba4b.js, line 1: TypeError: n is undefined
JavaScript error: https://preps.cincinnati.com/dist/js/sd-ce-polyfills-chunk.19cbba4b.js, line 1: TypeError: n is undefined
JavaScript error: https://preps.cincinnati.com/dist/js/sd-ce-polyfills-chunk.19cbba4b.js, line 1: TypeError: n is undefined
JavaScript error: https://preps.cincinnati.com/dist/js/sd-ce-polyfills-chunk.19cbba4b.js, line 1: TypeError: n is undefined
JavaScript error: https://preps.cincinnati.com/dist/js/sd-ce-polyfills-chunk.19cbba4b.js, line 1: TypeError: n is undefined
JavaScript error: https://preps.cincinnati.com/dist/js/sd-ce-polyfills-chunk.19cbba4b.js, line 1: TypeError: n is undefined
JavaScript error: https://preps.cincinnati.com/dist/js/sd-ce-polyfills-chunk.19cbba4b.js, line 1: TypeError: n is undefined
JavaScript error: https://preps.cincinnati.com/dist/js/sd-ce-polyfills-chunk.19cbba4b.js, line 1: TypeError: n is undefined
JavaScript error: https://preps.cincinnati.com/dist/js/sd-ce-polyfills-chunk.19cbba4b.js, line 1: TypeError: n is undefined
JavaScript error: https://preps.cincinnati.com/dist/js/sd-ce-polyfills-chunk.19cbba4b.js, line 1: TypeError: n is undefined
JavaScript error: https://preps.cincinnati.com/dist/js/sd-ce-polyfills-chunk.19cbba4b.js, line 1: TypeError: n is undefined
JavaScript error: https://preps.cincinnati.com/dist/js/sd-ce-polyfills-chunk.19cbba4b.js, line 1: TypeError: n is undefined
JavaScript error: https://preps.cincinnati.com/dist/js/sd-ce-polyfills-chunk.19cbba4b.js, line 1: TypeError: n is undefined
JavaScript error: https://preps.cincinnati.com/dist/js/sd-ce-polyfills-chunk.19cbba4b.js, line 1: TypeError: n is undefined
JavaScript error: https://preps.cincinnati.com/dist/js/sd-ce-polyfills-chunk.19cbba4b.js, line 1: TypeError: n is undefined
JavaScript error: https://preps.cincinnati.com/dist/js/sd-ce-polyfills-chunk.19cbba4b.js, line 1: TypeError: n is undefined
JavaScript error: https://preps.cincinnati.com/dist/js/sd-ce-polyfills-chunk.19cbba4b.js, line 1: TypeError: n is undefined
JavaScript error: https://preps.cincinnati.com/dist/js/sd-ce-polyfills-chunk.19cbba4b.js, line 1: TypeError: n is undefined
12:10:48.004 INFO - Found handler: org.openqa.selenium.remote.server.ServicedSession@2f08920
12:10:48.004 INFO - Handler thread for session 4aa4ea62-a7af-3b40-81e0-82c85b352161 (firefox): Executing GET on /session/4aa4ea62-a7af-3b40-81e0-82c85b352161/url (handler: ServicedSession)
12:10:48.019 INFO - Found handler: org.openqa.selenium.remote.server.ServicedSession@2f08920
12:10:48.019 INFO - Handler thread for session 4aa4ea62-a7af-3b40-81e0-82c85b352161 (firefox): Executing POST on /session/4aa4ea62-a7af-3b40-81e0-82c85b352161/execute (handler: ServicedSession)
12:10:48.293 INFO - Found handler: org.openqa.selenium.remote.server.ServicedSession@2f08920
12:10:48.293 INFO - Found handler: org.openqa.selenium.remote.server.ServicedSession@2f08920
12:10:48.294 INFO - Handler thread for session 4aa4ea62-a7af-3b40-81e0-82c85b352161 (firefox): Executing DELETE on /session/4aa4ea62-a7af-3b40-81e0-82c85b352161 (handler: ServicedSession)
12:10:48.294 INFO - Handler thread for session 4aa4ea62-a7af-3b40-81e0-82c85b352161 (firefox): Executing DELETE on /session/4aa4ea62-a7af-3b40-81e0-82c85b352161 (handler: ServicedSession)
JavaScript error: https://preps.cincinnati.com/dist/js/sd-ce-polyfills-chunk.19cbba4b.js, line 1: TypeError: undefined has no properties
JavaScript error: https://preps.cincinnati.com/dist/js/sd-ce-polyfills-chunk.19cbba4b.js, line 1: TypeError: undefined has no properties
JavaScript error: https://preps.cincinnati.com/dist/js/sd-ce-polyfills-chunk.19cbba4b.js, line 1: TypeError: undefined has no properties
JavaScript error: https://preps.cincinnati.com/dist/js/sd-ce-polyfills-chunk.19cbba4b.js, line 1: TypeError: undefined has no properties
JavaScript error: https://preps.cincinnati.com/dist/js/sd-ce-polyfills-chunk.19cbba4b.js, line 1: TypeError: undefined has no properties
JavaScript error: https://preps.cincinnati.com/dist/js/sd-ce-polyfills-chunk.19cbba4b.js, line 1: TypeError: undefined has no properties
JavaScript error: https://preps.cincinnati.com/dist/js/sd-ce-polyfills-chunk.19cbba4b.js, line 1: TypeError: undefined has no properties
JavaScript error: https://preps.cincinnati.com/dist/js/sd-ce-polyfills-chunk.19cbba4b.js, line 1: TypeError: undefined has no properties
JavaScript error: https://preps.cincinnati.com/dist/js/sd-ce-polyfills-chunk.19cbba4b.js, line 1: TypeError: undefined has no properties
JavaScript error: https://preps.cincinnati.com/dist/js/sd-ce-polyfills-chunk.19cbba4b.js, line 1: TypeError: undefined has no properties
JavaScript error: https://preps.cincinnati.com/dist/js/sd-ce-polyfills-chunk.19cbba4b.js, line 1: TypeError: undefined has no properties
JavaScript error: https://preps.cincinnati.com/dist/js/sd-ce-polyfills-chunk.19cbba4b.js, line 1: TypeError: undefined has no properties
JavaScript error: https://preps.cincinnati.com/dist/js/sd-ce-polyfills-chunk.19cbba4b.js, line 1: TypeError: undefined has no properties
JavaScript error: https://preps.cincinnati.com/dist/js/sd-ce-polyfills-chunk.19cbba4b.js, line 1: TypeError: undefined has no properties
JavaScript error: https://preps.cincinnati.com/dist/js/sd-ce-polyfills-chunk.19cbba4b.js, line 1: TypeError: undefined has no properties
JavaScript error: https://preps.cincinnati.com/dist/js/sd-ce-polyfills-chunk.19cbba4b.js, line 1: TypeError: undefined has no properties
JavaScript error: https://preps.cincinnati.com/dist/js/sd-ce-polyfills-chunk.19cbba4b.js, line 1: TypeError: undefined has no properties
JavaScript error: https://preps.cincinnati.com/dist/js/sd-ce-polyfills-chunk.19cbba4b.js, line 1: TypeError: undefined has no properties
JavaScript error: https://preps.cincinnati.com/dist/js/sd-ce-polyfills-chunk.19cbba4b.js, line 1: TypeError: undefined has no properties
JavaScript error: https://preps.cincinnati.com/dist/js/sd-ce-polyfills-chunk.19cbba4b.js, line 1: TypeError: undefined has no properties
JavaScript error: https://preps.cincinnati.com/dist/js/sd-ce-polyfills-chunk.19cbba4b.js, line 1: TypeError: undefined has no properties
JavaScript error: https://preps.cincinnati.com/dist/js/sd-ce-polyfills-chunk.19cbba4b.js, line 1: TypeError: undefined has no properties
JavaScript error: https://preps.cincinnati.com/dist/js/sd-ce-polyfills-chunk.19cbba4b.js, line 1: TypeError: undefined has no properties
JavaScript error: https://preps.cincinnati.com/dist/js/sd-ce-polyfills-chunk.19cbba4b.js, line 1: TypeError: undefined has no properties
JavaScript error: https://preps.cincinnati.com/dist/js/sd-ce-polyfills-chunk.19cbba4b.js, line 1: TypeError: undefined has no properties
JavaScript error: https://preps.cincinnati.com/dist/js/sd-ce-polyfills-chunk.19cbba4b.js, line 1: TypeError: undefined has no properties
JavaScript error: https://preps.cincinnati.com/dist/js/sd-ce-polyfills-chunk.19cbba4b.js, line 1: TypeError: undefined has no properties
JavaScript error: https://preps.cincinnati.com/dist/js/sd-ce-polyfills-chunk.19cbba4b.js, line 1: TypeError: undefined has no properties
JavaScript error: https://preps.cincinnati.com/dist/js/sd-ce-polyfills-chunk.19cbba4b.js, line 1: TypeError: undefined has no properties
JavaScript error: https://preps.cincinnati.com/dist/js/sd-ce-polyfills-chunk.19cbba4b.js, line 1: TypeError: undefined has no properties
JavaScript error: https://preps.cincinnati.com/dist/js/sd-ce-polyfills-chunk.19cbba4b.js, line 1: TypeError: undefined has no properties
JavaScript error: https://preps.cincinnati.com/dist/js/sd-ce-polyfills-chunk.19cbba4b.js, line 1: TypeError: undefined has no properties
JavaScript error: https://preps.cincinnati.com/dist/js/sd-ce-polyfills-chunk.19cbba4b.js, line 1: TypeError: undefined has no properties
JavaScript error: https://preps.cincinnati.com/dist/js/sd-ce-polyfills-chunk.19cbba4b.js, line 1: TypeError: undefined has no properties
JavaScript error: https://preps.cincinnati.com/dist/js/sd-ce-polyfills-chunk.19cbba4b.js, line 1: TypeError: undefined has no properties
JavaScript error: https://preps.cincinnati.com/dist/js/sd-ce-polyfills-chunk.19cbba4b.js, line 1: TypeError: undefined has no properties
JavaScript error: https://preps.cincinnati.com/dist/js/sd-ce-polyfills-chunk.19cbba4b.js, line 1: TypeError: undefined has no properties
JavaScript error: https://preps.cincinnati.com/dist/js/sd-ce-polyfills-chunk.19cbba4b.js, line 1: TypeError: undefined has no properties
JavaScript error: https://preps.cincinnati.com/dist/js/sd-ce-polyfills-chunk.19cbba4b.js, line 1: TypeError: undefined has no properties
JavaScript error: https://preps.cincinnati.com/dist/js/sd-ce-polyfills-chunk.19cbba4b.js, line 1: TypeError: undefined has no properties
JavaScript error: https://preps.cincinnati.com/dist/js/sd-ce-polyfills-chunk.19cbba4b.js, line 1: TypeError: undefined has no properties
JavaScript error: https://preps.cincinnati.com/dist/js/sd-ce-polyfills-chunk.19cbba4b.js, line 1: TypeError: undefined has no properties
JavaScript error: https://preps.cincinnati.com/dist/js/sd-ce-polyfills-chunk.19cbba4b.js, line 1: TypeError: undefined has no properties
JavaScript error: https://preps.cincinnati.com/dist/js/sd-ce-polyfills-chunk.19cbba4b.js, line 1: TypeError: undefined has no properties
JavaScript error: https://preps.cincinnati.com/dist/js/sd-ce-polyfills-chunk.19cbba4b.js, line 1: TypeError: undefined has no properties
JavaScript error: https://preps.cincinnati.com/dist/js/sd-ce-polyfills-chunk.19cbba4b.js, line 1: TypeError: undefined has no properties
JavaScript error: https://preps.cincinnati.com/dist/js/sd-ce-polyfills-chunk.19cbba4b.js, line 1: TypeError: undefined has no properties
JavaScript error: https://preps.cincinnati.com/dist/js/sd-ce-polyfills-chunk.19cbba4b.js, line 1: TypeError: undefined has no properties
JavaScript error: https://preps.cincinnati.com/dist/js/sd-ce-polyfills-chunk.19cbba4b.js, line 1: TypeError: n is undefined
JavaScript error: https://preps.cincinnati.com/dist/js/sd-ce-polyfills-chunk.19cbba4b.js, line 1: TypeError: n is undefined
JavaScript error: https://preps.cincinnati.com/dist/js/sd-ce-polyfills-chunk.19cbba4b.js, line 1: TypeError: n is undefined
JavaScript error: https://preps.cincinnati.com/dist/js/sd-ce-polyfills-chunk.19cbba4b.js, line 1: TypeError: n is undefined
JavaScript error: https://preps.cincinnati.com/dist/js/sd-ce-polyfills-chunk.19cbba4b.js, line 1: TypeError: n is undefined
JavaScript error: https://preps.cincinnati.com/dist/js/sd-ce-polyfills-chunk.19cbba4b.js, line 1: TypeError: n is undefined
JavaScript error: https://preps.cincinnati.com/dist/js/sd-ce-polyfills-chunk.19cbba4b.js, line 1: TypeError: n is undefined
JavaScript error: https://preps.cincinnati.com/dist/js/sd-ce-polyfills-chunk.19cbba4b.js, line 1: TypeError: n is undefined
JavaScript error: https://preps.cincinnati.com/dist/js/sd-ce-polyfills-chunk.19cbba4b.js, line 1: TypeError: n is undefined
JavaScript error: https://preps.cincinnati.com/dist/js/sd-ce-polyfills-chunk.19cbba4b.js, line 1: TypeError: n is undefined
JavaScript error: https://preps.cincinnati.com/dist/js/sd-ce-polyfills-chunk.19cbba4b.js, line 1: TypeError: n is undefined
JavaScript error: https://preps.cincinnati.com/dist/js/sd-ce-polyfills-chunk.19cbba4b.js, line 1: TypeError: n is undefined
JavaScript error: https://preps.cincinnati.com/dist/js/sd-ce-polyfills-chunk.19cbba4b.js, line 1: TypeError: n is undefined
JavaScript error: https://preps.cincinnati.com/dist/js/sd-ce-polyfills-chunk.19cbba4b.js, line 1: TypeError: n is undefined
JavaScript error: https://preps.cincinnati.com/dist/js/sd-ce-polyfills-chunk.19cbba4b.js, line 1: TypeError: n is undefined
JavaScript error: https://preps.cincinnati.com/dist/js/sd-ce-polyfills-chunk.19cbba4b.js, line 1: TypeError: n is undefined
JavaScript error: https://preps.cincinnati.com/dist/js/sd-ce-polyfills-chunk.19cbba4b.js, line 1: TypeError: n is undefined
JavaScript error: https://preps.cincinnati.com/dist/js/sd-ce-polyfills-chunk.19cbba4b.js, line 1: TypeError: n is undefined
JavaScript error: https://preps.cincinnati.com/dist/js/sd-ce-polyfills-chunk.19cbba4b.js, line 1: TypeError: n is undefined
JavaScript error: https://preps.cincinnati.com/dist/js/sd-ce-polyfills-chunk.19cbba4b.js, line 1: TypeError: n is undefined
JavaScript error: https://preps.cincinnati.com/dist/js/sd-ce-polyfills-chunk.19cbba4b.js, line 1: TypeError: n is undefined
JavaScript error: https://preps.cincinnati.com/dist/js/sd-ce-polyfills-chunk.19cbba4b.js, line 1: TypeError: n is undefined
JavaScript error: https://preps.cincinnati.com/dist/js/sd-ce-polyfills-chunk.19cbba4b.js, line 1: TypeError: n is undefined
JavaScript error: https://preps.cincinnati.com/dist/js/sd-ce-polyfills-chunk.19cbba4b.js, line 1: TypeError: n is undefined
JavaScript error: https://preps.cincinnati.com/dist/js/sd-ce-polyfills-chunk.19cbba4b.js, line 1: TypeError: n is undefined
JavaScript error: https://preps.cincinnati.com/dist/js/sd-ce-polyfills-chunk.19cbba4b.js, line 1: TypeError: n is undefined
JavaScript error: https://preps.cincinnati.com/dist/js/sd-ce-polyfills-chunk.19cbba4b.js, line 1: TypeError: n is undefined
JavaScript error: https://preps.cincinnati.com/dist/js/sd-ce-polyfills-chunk.19cbba4b.js, line 1: TypeError: n is undefined
JavaScript error: https://preps.cincinnati.com/dist/js/sd-ce-polyfills-chunk.19cbba4b.js, line 1: TypeError: n is undefined
JavaScript error: https://preps.cincinnati.com/dist/js/sd-ce-polyfills-chunk.19cbba4b.js, line 1: TypeError: n is undefined
JavaScript error: https://preps.cincinnati.com/dist/js/sd-ce-polyfills-chunk.19cbba4b.js, line 1: TypeError: n is undefined
JavaScript error: https://preps.cincinnati.com/dist/js/sd-ce-polyfills-chunk.19cbba4b.js, line 1: TypeError: n is undefined
JavaScript error: https://preps.cincinnati.com/dist/js/sd-ce-polyfills-chunk.19cbba4b.js, line 1: TypeError: n is undefined
JavaScript error: https://preps.cincinnati.com/dist/js/sd-ce-polyfills-chunk.19cbba4b.js, line 1: TypeError: n is undefined
JavaScript error: https://preps.cincinnati.com/dist/js/sd-ce-polyfills-chunk.19cbba4b.js, line 1: TypeError: n is undefined
JavaScript error: https://preps.cincinnati.com/dist/js/sd-ce-polyfills-chunk.19cbba4b.js, line 1: TypeError: n is undefined
JavaScript error: https://preps.cincinnati.com/dist/js/sd-ce-polyfills-chunk.19cbba4b.js, line 1: TypeError: n is undefined
JavaScript error: https://preps.cincinnati.com/dist/js/sd-ce-polyfills-chunk.19cbba4b.js, line 1: TypeError: n is undefined
JavaScript error: https://preps.cincinnati.com/dist/js/sd-ce-polyfills-chunk.19cbba4b.js, line 1: TypeError: n is undefined
JavaScript error: https://preps.cincinnati.com/dist/js/sd-ce-polyfills-chunk.19cbba4b.js, line 1: TypeError: n is undefined
JavaScript error: https://preps.cincinnati.com/dist/js/sd-ce-polyfills-chunk.19cbba4b.js, line 1: TypeError: n is undefined
JavaScript error: https://preps.cincinnati.com/dist/js/sd-ce-polyfills-chunk.19cbba4b.js, line 1: TypeError: n is undefined
JavaScript error: https://preps.cincinnati.com/dist/js/sd-ce-polyfills-chunk.19cbba4b.js, line 1: TypeError: n is undefined
JavaScript error: https://preps.cincinnati.com/dist/js/sd-ce-polyfills-chunk.19cbba4b.js, line 1: TypeError: n is undefined
JavaScript error: https://preps.cincinnati.com/dist/js/sd-ce-polyfills-chunk.19cbba4b.js, line 1: TypeError: n is undefined
JavaScript error: https://preps.cincinnati.com/dist/js/sd-ce-polyfills-chunk.19cbba4b.js, line 1: TypeError: n is undefined
JavaScript error: https://preps.cincinnati.com/dist/js/sd-ce-polyfills-chunk.19cbba4b.js, line 1: TypeError: n is undefined
JavaScript error: https://preps.cincinnati.com/dist/js/sd-ce-polyfills-chunk.19cbba4b.js, line 1: TypeError: n is undefined
JavaScript error: https://preps.cincinnati.com/dist/js/sd-ce-polyfills-chunk.19cbba4b.js, line 1: TypeError: n is undefined
JavaScript error: https://preps.cincinnati.com/dist/js/sd-ce-polyfills-chunk.19cbba4b.js, line 1: TypeError: n is undefined
JavaScript error: https://preps.cincinnati.com/dist/js/sd-ce-polyfills-chunk.19cbba4b.js, line 1: TypeError: n is undefined
JavaScript error: https://preps.cincinnati.com/dist/js/sd-ce-polyfills-chunk.19cbba4b.js, line 1: TypeError: n is undefined
JavaScript error: https://preps.cincinnati.com/dist/js/sd-ce-polyfills-chunk.19cbba4b.js, line 1: TypeError: n is undefined
JavaScript error: https://preps.cincinnati.com/dist/js/sd-ce-polyfills-chunk.19cbba4b.js, line 1: TypeError: n is undefined
JavaScript error: https://preps.cincinnati.com/dist/js/sd-ce-polyfills-chunk.19cbba4b.js, line 1: TypeError: n is undefined
JavaScript error: https://preps.cincinnati.com/dist/js/sd-ce-polyfills-chunk.19cbba4b.js, line 1: TypeError: n is undefined
JavaScript error: https://preps.cincinnati.com/dist/js/sd-ce-polyfills-chunk.19cbba4b.js, line 1: TypeError: n is undefined
JavaScript error: https://preps.cincinnati.com/dist/js/sd-ce-polyfills-chunk.19cbba4b.js, line 1: TypeError: n is undefined
JavaScript error: https://preps.cincinnati.com/dist/js/sd-ce-polyfills-chunk.19cbba4b.js, line 1: TypeError: n is undefined
JavaScript error: https://preps.cincinnati.com/dist/js/sd-ce-polyfills-chunk.19cbba4b.js, line 1: TypeError: n is undefined
JavaScript error: https://preps.cincinnati.com/dist/js/sd-ce-polyfills-chunk.19cbba4b.js, line 1: TypeError: n is undefined
JavaScript error: https://preps.cincinnati.com/dist/js/sd-ce-polyfills-chunk.19cbba4b.js, line 1: TypeError: n is undefined
JavaScript error: https://preps.cincinnati.com/dist/js/sd-ce-polyfills-chunk.19cbba4b.js, line 1: TypeError: n is undefined
JavaScript error: https://preps.cincinnati.com/dist/js/sd-ce-polyfills-chunk.19cbba4b.js, line 1: TypeError: n is undefined
JavaScript error: https://preps.cincinnati.com/dist/js/sd-ce-polyfills-chunk.19cbba4b.js, line 1: TypeError: n is undefined
JavaScript error: https://preps.cincinnati.com/dist/js/sd-ce-polyfills-chunk.19cbba4b.js, line 1: TypeError: n is undefined
JavaScript error: https://preps.cincinnati.com/dist/js/sd-ce-polyfills-chunk.19cbba4b.js, line 1: TypeError: n is undefined
JavaScript error: https://preps.cincinnati.com/dist/js/sd-ce-polyfills-chunk.19cbba4b.js, line 1: TypeError: n is undefined
JavaScript error: https://preps.cincinnati.com/dist/js/sd-ce-polyfills-chunk.19cbba4b.js, line 1: TypeError: n is undefined
JavaScript error: https://preps.cincinnati.com/dist/js/sd-ce-polyfills-chunk.19cbba4b.js, line 1: TypeError: n is undefined
JavaScript error: https://preps.cincinnati.com/dist/js/sd-ce-polyfills-chunk.19cbba4b.js, line 1: TypeError: n is undefined
JavaScript error: https://preps.cincinnati.com/dist/js/sd-ce-polyfills-chunk.19cbba4b.js, line 1: TypeError: n is undefined
JavaScript error: https://preps.cincinnati.com/dist/js/sd-ce-polyfills-chunk.19cbba4b.js, line 1: TypeError: n is undefined
JavaScript error: https://preps.cincinnati.com/dist/js/sd-ce-polyfills-chunk.19cbba4b.js, line 1: TypeError: n is undefined
JavaScript error: https://preps.cincinnati.com/dist/js/sd-ce-polyfills-chunk.19cbba4b.js, line 1: TypeError: n is undefined
JavaScript error: https://preps.cincinnati.com/dist/js/sd-ce-polyfills-chunk.19cbba4b.js, line 1: TypeError: n is undefined
JavaScript error: https://preps.cincinnati.com/dist/js/sd-ce-polyfills-chunk.19cbba4b.js, line 1: TypeError: n is undefined
JavaScript error: https://preps.cincinnati.com/dist/js/sd-ce-polyfills-chunk.19cbba4b.js, line 1: TypeError: n is undefined
JavaScript error: https://preps.cincinnati.com/dist/js/sd-ce-polyfills-chunk.19cbba4b.js, line 1: TypeError: n is undefined
JavaScript error: https://preps.cincinnati.com/dist/js/sd-ce-polyfills-chunk.19cbba4b.js, line 1: TypeError: n is undefined
JavaScript error: https://preps.cincinnati.com/dist/js/sd-ce-polyfills-chunk.19cbba4b.js, line 1: TypeError: n is undefined
JavaScript error: https://preps.cincinnati.com/dist/js/sd-ce-polyfills-chunk.19cbba4b.js, line 1: TypeError: n is undefined
JavaScript error: https://preps.cincinnati.com/dist/js/sd-ce-polyfills-chunk.19cbba4b.js, line 1: TypeError: n is undefined
JavaScript error: https://preps.cincinnati.com/dist/js/sd-ce-polyfills-chunk.19cbba4b.js, line 1: TypeError: n is undefined
JavaScript error: https://preps.cincinnati.com/dist/js/sd-ce-polyfills-chunk.19cbba4b.js, line 1: TypeError: n is undefined
JavaScript error: https://preps.cincinnati.com/dist/js/sd-ce-polyfills-chunk.19cbba4b.js, line 1: TypeError: n is undefined
JavaScript error: https://preps.cincinnati.com/dist/js/sd-ce-polyfills-chunk.19cbba4b.js, line 1: TypeError: n is undefined
JavaScript error: https://preps.cincinnati.com/dist/js/sd-ce-polyfills-chunk.19cbba4b.js, line 1: TypeError: n is undefined
JavaScript error: https://preps.cincinnati.com/dist/js/sd-ce-polyfills-chunk.19cbba4b.js, line 1: TypeError: n is undefined
JavaScript error: https://preps.cincinnati.com/dist/js/sd-ce-polyfills-chunk.19cbba4b.js, line 1: TypeError: n is undefined
JavaScript error: https://preps.cincinnati.com/dist/js/sd-ce-polyfills-chunk.19cbba4b.js, line 1: TypeError: n is undefined
JavaScript error: https://preps.cincinnati.com/dist/js/sd-ce-polyfills-chunk.19cbba4b.js, line 1: TypeError: n is undefined
JavaScript error: https://preps.cincinnati.com/dist/js/sd-ce-polyfills-chunk.19cbba4b.js, line 1: TypeError: n is undefined
JavaScript error: https://preps.cincinnati.com/dist/js/sd-ce-polyfills-chunk.19cbba4b.js, line 1: TypeError: n is undefined
JavaScript error: https://preps.cincinnati.com/dist/js/sd-ce-polyfills-chunk.19cbba4b.js, line 1: TypeError: n is undefined
JavaScript error: https://preps.cincinnati.com/dist/js/sd-ce-polyfills-chunk.19cbba4b.js, line 1: TypeError: n is undefined
JavaScript error: https://preps.cincinnati.com/dist/js/sd-ce-polyfills-chunk.19cbba4b.js, line 1: TypeError: n is undefined
JavaScript error: https://preps.cincinnati.com/dist/js/sd-ce-polyfills-chunk.19cbba4b.js, line 1: TypeError: n is undefined
JavaScript error: https://preps.cincinnati.com/dist/js/sd-ce-polyfills-chunk.19cbba4b.js, line 1: TypeError: n is undefined
JavaScript error: https://preps.cincinnati.com/dist/js/sd-ce-polyfills-chunk.19cbba4b.js, line 1: TypeError: n is undefined
JavaScript error: https://preps.cincinnati.com/dist/js/sd-ce-polyfills-chunk.19cbba4b.js, line 1: TypeError: n is undefined
JavaScript error: https://preps.cincinnati.com/dist/js/sd-ce-polyfills-chunk.19cbba4b.js, line 1: TypeError: n is undefined
JavaScript error: https://preps.cincinnati.com/dist/js/sd-ce-polyfills-chunk.19cbba4b.js, line 1: TypeError: n is undefined
JavaScript error: https://preps.cincinnati.com/dist/js/sd-ce-polyfills-chunk.19cbba4b.js, line 1: TypeError: n is undefined
JavaScript error: https://preps.cincinnati.com/dist/js/sd-ce-polyfills-chunk.19cbba4b.js, line 1: TypeError: n is undefined
JavaScript error: https://preps.cincinnati.com/dist/js/sd-ce-polyfills-chunk.19cbba4b.js, line 1: TypeError: n is undefined
JavaScript error: https://preps.cincinnati.com/dist/js/sd-ce-polyfills-chunk.19cbba4b.js, line 1: TypeError: n is undefined
JavaScript error: https://preps.cincinnati.com/dist/js/sd-ce-polyfills-chunk.19cbba4b.js, line 1: TypeError: n is undefined
JavaScript error: https://preps.cincinnati.com/dist/js/sd-ce-polyfills-chunk.19cbba4b.js, line 1: TypeError: n is undefined
JavaScript error: https://preps.cincinnati.com/dist/js/sd-ce-polyfills-chunk.19cbba4b.js, line 1: TypeError: n is undefined
JavaScript error: https://preps.cincinnati.com/dist/js/sd-ce-polyfills-chunk.19cbba4b.js, line 1: TypeError: n is undefined
JavaScript error: https://preps.cincinnati.com/dist/js/sd-ce-polyfills-chunk.19cbba4b.js, line 1: TypeError: n is undefined
JavaScript error: https://preps.cincinnati.com/dist/js/sd-ce-polyfills-chunk.19cbba4b.js, line 1: TypeError: n is undefined
JavaScript error: https://preps.cincinnati.com/dist/js/sd-ce-polyfills-chunk.19cbba4b.js, line 1: TypeError: n is undefined
JavaScript error: https://preps.cincinnati.com/dist/js/sd-ce-polyfills-chunk.19cbba4b.js, line 1: TypeError: n is undefined
JavaScript error: https://preps.cincinnati.com/dist/js/sd-ce-polyfills-chunk.19cbba4b.js, line 1: TypeError: n is undefined
JavaScript error: https://preps.cincinnati.com/dist/js/sd-ce-polyfills-chunk.19cbba4b.js, line 1: TypeError: n is undefined
JavaScript error: https://preps.cincinnati.com/dist/js/sd-ce-polyfills-chunk.19cbba4b.js, line 1: TypeError: n is undefined
JavaScript error: https://preps.cincinnati.com/dist/js/sd-ce-polyfills-chunk.19cbba4b.js, line 1: TypeError: n is undefined
JavaScript error: https://preps.cincinnati.com/dist/js/sd-ce-polyfills-chunk.19cbba4b.js, line 1: TypeError: n is undefined
JavaScript error: https://preps.cincinnati.com/dist/js/sd-ce-polyfills-chunk.19cbba4b.js, line 1: TypeError: n is undefined
JavaScript error: https://preps.cincinnati.com/dist/js/sd-ce-polyfills-chunk.19cbba4b.js, line 1: TypeError: n is undefined
JavaScript error: https://preps.cincinnati.com/dist/js/sd-ce-polyfills-chunk.19cbba4b.js, line 1: TypeError: n is undefined
JavaScript error: https://preps.cincinnati.com/dist/js/sd-ce-polyfills-chunk.19cbba4b.js, line 1: TypeError: n is undefined
JavaScript error: https://preps.cincinnati.com/dist/js/sd-ce-polyfills-chunk.19cbba4b.js, line 1: TypeError: n is undefined
JavaScript error: https://preps.cincinnati.com/dist/js/sd-ce-polyfills-chunk.19cbba4b.js, line 1: TypeError: n is undefined
JavaScript error: https://preps.cincinnati.com/dist/js/sd-ce-polyfills-chunk.19cbba4b.js, line 1: TypeError: undefined has no properties
JavaScript error: https://preps.cincinnati.com/dist/js/sd-ce-polyfills-chunk.19cbba4b.js, line 1: TypeError: undefined has no properties
JavaScript error: https://preps.cincinnati.com/dist/js/sd-ce-polyfills-chunk.19cbba4b.js, line 1: TypeError: undefined has no properties
JavaScript error: https://preps.cincinnati.com/dist/js/sd-ce-polyfills-chunk.19cbba4b.js, line 1: TypeError: undefined has no properties
JavaScript error: https://preps.cincinnati.com/dist/js/sd-ce-polyfills-chunk.19cbba4b.js, line 1: TypeError: undefined has no properties
JavaScript error: https://preps.cincinnati.com/dist/js/sd-ce-polyfills-chunk.19cbba4b.js, line 1: TypeError: undefined has no properties
JavaScript error: https://preps.cincinnati.com/dist/js/sd-ce-polyfills-chunk.19cbba4b.js, line 1: TypeError: undefined has no properties
JavaScript error: https://preps.cincinnati.com/dist/js/sd-ce-polyfills-chunk.19cbba4b.js, line 1: TypeError: undefined has no properties
JavaScript error: https://preps.cincinnati.com/dist/js/sd-ce-polyfills-chunk.19cbba4b.js, line 1: TypeError: undefined has no properties
JavaScript error: https://preps.cincinnati.com/dist/js/sd-ce-polyfills-chunk.19cbba4b.js, line 1: TypeError: undefined has no properties
JavaScript error: https://preps.cincinnati.com/dist/js/sd-ce-polyfills-chunk.19cbba4b.js, line 1: TypeError: undefined has no properties
JavaScript error: https://preps.cincinnati.com/dist/js/sd-ce-polyfills-chunk.19cbba4b.js, line 1: TypeError: undefined has no properties
JavaScript error: https://preps.cincinnati.com/dist/js/sd-ce-polyfills-chunk.19cbba4b.js, line 1: TypeError: undefined has no properties
JavaScript error: https://preps.cincinnati.com/dist/js/sd-ce-polyfills-chunk.19cbba4b.js, line 1: TypeError: undefined has no properties
JavaScript error: https://preps.cincinnati.com/dist/js/sd-ce-polyfills-chunk.19cbba4b.js, line 1: TypeError: undefined has no properties
JavaScript error: https://preps.cincinnati.com/dist/js/sd-ce-polyfills-chunk.19cbba4b.js, line 1: TypeError: undefined has no properties
JavaScript error: https://preps.cincinnati.com/dist/js/sd-ce-polyfills-chunk.19cbba4b.js, line 1: TypeError: undefined has no properties
JavaScript error: https://preps.cincinnati.com/dist/js/sd-ce-polyfills-chunk.19cbba4b.js, line 1: TypeError: undefined has no properties
JavaScript error: https://preps.cincinnati.com/dist/js/sd-ce-polyfills-chunk.19cbba4b.js, line 1: TypeError: undefined has no properties
JavaScript error: https://preps.cincinnati.com/dist/js/sd-ce-polyfills-chunk.19cbba4b.js, line 1: TypeError: undefined has no properties
JavaScript error: https://preps.cincinnati.com/dist/js/sd-ce-polyfills-chunk.19cbba4b.js, line 1: TypeError: undefined has no properties
JavaScript error: https://preps.cincinnati.com/dist/js/sd-ce-polyfills-chunk.19cbba4b.js, line 1: TypeError: undefined has no properties
JavaScript error: https://preps.cincinnati.com/dist/js/sd-ce-polyfills-chunk.19cbba4b.js, line 1: TypeError: undefined has no properties
JavaScript error: https://preps.cincinnati.com/dist/js/sd-ce-polyfills-chunk.19cbba4b.js, line 1: TypeError: undefined has no properties
JavaScript error: https://preps.cincinnati.com/dist/js/sd-ce-polyfills-chunk.19cbba4b.js, line 1: TypeError: undefined has no properties
JavaScript error: https://preps.cincinnati.com/dist/js/sd-ce-polyfills-chunk.19cbba4b.js, line 1: TypeError: undefined has no properties
JavaScript error: https://preps.cincinnati.com/dist/js/sd-ce-polyfills-chunk.19cbba4b.js, line 1: TypeError: undefined has no properties
JavaScript error: https://preps.cincinnati.com/dist/js/sd-ce-polyfills-chunk.19cbba4b.js, line 1: TypeError: undefined has no properties
JavaScript error: https://preps.cincinnati.com/dist/js/sd-ce-polyfills-chunk.19cbba4b.js, line 1: TypeError: undefined has no properties
JavaScript error: https://preps.cincinnati.com/dist/js/sd-ce-polyfills-chunk.19cbba4b.js, line 1: TypeError: undefined has no properties
JavaScript error: https://preps.cincinnati.com/dist/js/sd-ce-polyfills-chunk.19cbba4b.js, line 1: TypeError: undefined has no properties
JavaScript error: https://preps.cincinnati.com/dist/js/sd-ce-polyfills-chunk.19cbba4b.js, line 1: TypeError: undefined has no properties
JavaScript error: https://preps.cincinnati.com/dist/js/sd-ce-polyfills-chunk.19cbba4b.js, line 1: TypeError: undefined has no properties
JavaScript error: https://preps.cincinnati.com/dist/js/sd-ce-polyfills-chunk.19cbba4b.js, line 1: TypeError: undefined has no properties
JavaScript error: https://preps.cincinnati.com/dist/js/sd-ce-polyfills-chunk.19cbba4b.js, line 1: TypeError: undefined has no properties
JavaScript error: https://preps.cincinnati.com/dist/js/sd-ce-polyfills-chunk.19cbba4b.js, line 1: TypeError: undefined has no properties
JavaScript error: https://preps.cincinnati.com/dist/js/sd-ce-polyfills-chunk.19cbba4b.js, line 1: TypeError: undefined has no properties
JavaScript error: https://preps.cincinnati.com/dist/js/sd-ce-polyfills-chunk.19cbba4b.js, line 1: TypeError: undefined has no properties
JavaScript error: https://preps.cincinnati.com/dist/js/sd-ce-polyfills-chunk.19cbba4b.js, line 1: TypeError: undefined has no properties
JavaScript error: https://preps.cincinnati.com/dist/js/sd-ce-polyfills-chunk.19cbba4b.js, line 1: TypeError: undefined has no properties
JavaScript error: https://preps.cincinnati.com/dist/js/sd-ce-polyfills-chunk.19cbba4b.js, line 1: TypeError: undefined has no properties
JavaScript error: https://preps.cincinnati.com/dist/js/sd-ce-polyfills-chunk.19cbba4b.js, line 1: TypeError: undefined has no properties
JavaScript error: https://preps.cincinnati.com/dist/js/sd-ce-polyfills-chunk.19cbba4b.js, line 1: TypeError: undefined has no properties
JavaScript error: https://preps.cincinnati.com/dist/js/sd-ce-polyfills-chunk.19cbba4b.js, line 1: TypeError: undefined has no properties
JavaScript error: https://preps.cincinnati.com/dist/js/sd-ce-polyfills-chunk.19cbba4b.js, line 1: TypeError: undefined has no properties
JavaScript error: https://preps.cincinnati.com/dist/js/sd-ce-polyfills-chunk.19cbba4b.js, line 1: TypeError: undefined has no properties
JavaScript error: https://preps.cincinnati.com/dist/js/sd-ce-polyfills-chunk.19cbba4b.js, line 1: TypeError: undefined has no properties
JavaScript error: https://preps.cincinnati.com/dist/js/sd-ce-polyfills-chunk.19cbba4b.js, line 1: TypeError: undefined has no properties
JavaScript error: https://preps.cincinnati.com/dist/js/sd-ce-polyfills-chunk.19cbba4b.js, line 1: TypeError: undefined has no properties
JavaScript error: https://preps.cincinnati.com/dist/js/sd-ce-polyfills-chunk.19cbba4b.js, line 1: TypeError: undefined has no properties
JavaScript error: https://preps.cincinnati.com/dist/js/sd-ce-polyfills-chunk.19cbba4b.js, line 1: TypeError: undefined has no properties
JavaScript error: https://preps.cincinnati.com/dist/js/sd-ce-polyfills-chunk.19cbba4b.js, line 1: TypeError: undefined has no properties
JavaScript error: https://preps.cincinnati.com/dist/js/sd-ce-polyfills-chunk.19cbba4b.js, line 1: TypeError: undefined has no properties
JavaScript error: https://preps.cincinnati.com/dist/js/sd-ce-polyfills-chunk.19cbba4b.js, line 1: TypeError: undefined has no properties

###!!! [Child][MessageChannel] Error: (msgtype=0x100027,name=PBackground::Msg_PHttpBackgroundChannelConstructor) Channel error: cannot send/recv

12:10:50.920 INFO - Removing session org.openqa.selenium.remote.server.ServicedSession@2f08920
